This is LuaTeX, Version 1.0.4 (TeX Live 2017/W32TeX)  (format=lualatex 2017.9.7)  8 MAY 2019 13:03
 restricted system commands enabled.
**thesis.tex
(./thesis.tex
LaTeX2e <2017-04-15>
Lua module: luaotfload-main 2017/01/29 2.80001 OpenType layout system.
Lua module: lualibs 2017-02-01 2.5 ConTeXt Lua standard libraries.
Lua module: lualibs-extended 2017-02-01 2.5 ConTeXt Lua libraries -- extended co
llection.(using write cache: C:/texlive/2017/texmf-var/luatex-cache/generic)(usi
ng read cache: C:/texlive/2017/texmf-var/luatex-cache/generic C:/Users/chris/.te
xlive2017/texmf-var/luatex-cache/generic)
luaotfload | conf : Root cache directory is C:/texlive/2017/texmf-var/luatex-cac
he/generic/names.
luaotfload | init : Loading fontloader “fontloader-2017-02-11.lua” from kpse
-resolved path “c:/texlive/2017/texmf-dist/tex/luatex/luaotfload/fontloader-20
17-02-11.lua”.
Lua-only attribute luaotfload@state = 1
Lua-only attribute luaotfload@noligature = 2
Lua-only attribute luaotfload@syllabe = 3
luaotfload | init : Context OpenType loader version “3.027”
Inserting `luaotfload.node_processor' at position 1 in `pre_linebreak_filter'.
Inserting `luaotfload.node_processor' at position 1 in `hpack_filter'.
Inserting `luaotfload.define_font' at position 1 in `define_font'.
Lua-only attribute luaotfload_color_attribute = 4
luaotfload | conf : Root cache directory is C:/texlive/2017/texmf-var/luatex-cac
he/generic/names.
Inserting `luaotfload.aux.set_sscale_dimens' at position 1 in `luaotfload.patch_
font'.
Inserting `luaotfload.aux.patch_cambria_domh' at position 2 in `luaotfload.patch
_font'.
Inserting `luaotfload.aux.fixup_fontdata' at position 1 in `luaotfload.patch_fon
t_unsafe'.
Inserting `luaotfload.aux.set_capheight' at position 3 in `luaotfload.patch_font
'.
Inserting `luaotfload.rewrite_fontname' at position 4 in `luaotfload.patch_font'
.
luaotfload | main : initialization completed in 0.343 seconds
Babel <3.12> and hyphenation patterns for 1 language(s) loaded.
(./tudothesis.cls
Document Class: tudothesis 2015/08/31 v0.9 wrapper to scrbook for thesis at TUDo

(c:/texlive/2017/texmf-dist/tex/latex/koma-script/scrbook.cls
Document Class: scrbook 2017/04/13 v3.23 KOMA-Script document class (book)
(c:/texlive/2017/texmf-dist/tex/latex/koma-script/scrkbase.sty
Package: scrkbase 2017/04/13 v3.23 KOMA-Script package (KOMA-Script-dependent ba
sics and keyval usage)

(c:/texlive/2017/texmf-dist/tex/latex/koma-script/scrbase.sty
Package: scrbase 2017/04/13 v3.23 KOMA-Script package (KOMA-Script-independent b
asics and keyval usage)

(c:/texlive/2017/texmf-dist/tex/latex/graphics/keyval.sty
Package: keyval 2014/10/28 v1.15 key=value parser (DPC)
\KV@toks@=\toks14
)
(c:/texlive/2017/texmf-dist/tex/latex/koma-script/scrlfile.sty
Package: scrlfile 2017/04/13 v3.23 KOMA-Script package (loading files)

Package scrlfile, 2017/04/13 v3.23 KOMA-Script package (loading files)
                  Copyright (C) Markus Kohm

))) (c:/texlive/2017/texmf-dist/tex/latex/koma-script/tocbasic.sty
Package: tocbasic 2017/04/13 v3.23 KOMA-Script package (handling toc-files)
\scr@dte@tocline@numberwidth=\skip41
\scr@dte@tocline@numbox=\box26
)
Package tocbasic Info: omitting babel extension for `toc'
(tocbasic)             because of feature `nobabel' available
(tocbasic)             for `toc' on input line 133.
Package tocbasic Info: omitting babel extension for `lof'
(tocbasic)             because of feature `nobabel' available
(tocbasic)             for `lof' on input line 135.
Package tocbasic Info: omitting babel extension for `lot'
(tocbasic)             because of feature `nobabel' available
(tocbasic)             for `lot' on input line 136.
Package tocbasic Info: defining new hook before heading of `' on input line 1608
.
Class scrbook Info: File `scrsize11pt.clo' used instead of
(scrbook)           file `scrsize11.clo' to setup font sizes on input line 2275.


(c:/texlive/2017/texmf-dist/tex/latex/koma-script/scrsize11pt.clo
File: scrsize11pt.clo 2017/04/13 v3.23 KOMA-Script font size class option (11pt)

luaotfload | db : Font names database loaded from C:/texlive/2017/texmf-var/luat
ex-cache/generic/names/luaotfload-names.luc(load luc: C:/texlive/2017/texmf-var/
luatex-cache/generic/fonts/otl/lmroman10-regular.luc))
(c:/texlive/2017/texmf-dist/tex/latex/koma-script/typearea.sty
Package: typearea 2017/04/13 v3.23 KOMA-Script package (type area)
\ta@bcor=\skip42
\ta@div=\count79
\ta@hblk=\skip43
\ta@vblk=\skip44
\ta@temp=\skip45
\footheight=\skip46
Package typearea Info: These are the values describing the layout:
(typearea)             DIV  = 10
(typearea)             BCOR = 34.1433pt
(typearea)             \paperwidth      = 597.50793pt
(typearea)              \textwidth      = 394.35527pt
(typearea)              DIV departure   = 0%
(typearea)              \evensidemargin = 40.40292pt
(typearea)              \oddsidemargin  = 18.20976pt
(typearea)             \paperheight     = 845.04694pt
(typearea)              \textheight     = 555.00024pt
(typearea)              \topmargin      = 12.2347pt
(typearea)              \headheight     = 17.0pt
(typearea)              \headsep        = 20.40001pt
(typearea)              \topskip        = 11.0pt
(typearea)              \footskip       = 47.6pt
(typearea)              \baselineskip   = 13.6pt
(typearea)              on input line 1647.
)
\c@part=\count80
\c@chapter=\count81
\c@section=\count82
\c@subsection=\count83
\c@subsubsection=\count84
\c@paragraph=\count85
\c@subparagraph=\count86
\scr@dte@part@maxnumwidth=\skip47
\scr@dte@chapter@maxnumwidth=\skip48
\scr@dte@section@maxnumwidth=\skip49
\scr@dte@subsection@maxnumwidth=\skip50
\scr@dte@subsubsection@maxnumwidth=\skip51
\scr@dte@paragraph@maxnumwidth=\skip52
\scr@dte@subparagraph@maxnumwidth=\skip53
LaTeX Info: Redefining \textsubscript on input line 4843.
\abovecaptionskip=\skip54
\belowcaptionskip=\skip55
\c@pti@nb@sid@b@x=\box27
\c@figure=\count87
\c@table=\count88
Class scrbook Info: Redefining `\numberline' on input line 6000.
\bibindent=\dimen102
)
(c:/texlive/2017/texmf-dist/tex/latex/xcolor/xcolor.sty
Package: xcolor 2016/05/11 v2.12 LaTeX color extensions (UK)

(c:/texlive/2017/texmf-dist/tex/latex/graphics-cfg/color.cfg
File: color.cfg 2016/01/02 v1.6 sample color configuration
)
Package xcolor Info: Driver file: luatex.def on input line 225.

(c:/texlive/2017/texmf-dist/tex/latex/graphics-def/luatex.def
File: luatex.def 2017/06/24 v1.0f Graphics/color driver for luatex
)
Package xcolor Info: Model `cmy' substituted by `cmy0' on input line 1348.
Package xcolor Info: Model `hsb' substituted by `rgb' on input line 1352.
Package xcolor Info: Model `RGB' extended on input line 1364.
Package xcolor Info: Model `HTML' substituted by `rgb' on input line 1366.
Package xcolor Info: Model `Hsb' substituted by `hsb' on input line 1367.
Package xcolor Info: Model `tHsb' substituted by `hsb' on input line 1368.
Package xcolor Info: Model `HSB' substituted by `hsb' on input line 1369.
Package xcolor Info: Model `Gray' substituted by `gray' on input line 1370.
Package xcolor Info: Model `wave' substituted by `hsb' on input line 1371.
)
(c:/texlive/2017/texmf-dist/tex/latex/caption/caption.sty
Package: caption 2016/02/21 v3.3-144 Customizing captions (AR)

(c:/texlive/2017/texmf-dist/tex/latex/caption/caption3.sty
Package: caption3 2016/05/22 v1.7-166 caption3 kernel (AR)
Package caption3 Info: TeX engine: e-TeX on input line 67.
\captionmargin=\dimen103
\captionmargin@=\dimen104
\captionwidth=\dimen105
\caption@tempdima=\dimen106
\caption@indent=\dimen107
\caption@parindent=\dimen108
\caption@hangindent=\dimen109
)
Package caption Info: KOMA-Script document class.
\c@ContinuedFloat=\count89
)
(c:/texlive/2017/texmf-dist/tex/latex/caption/subcaption.sty
Package: subcaption 2016/05/22 v1.1-161 Sub-captions (AR)
\c@subfigure=\count90
\c@subtable=\count91
)
(c:/texlive/2017/texmf-dist/tex/latex/koma-script/scrlayer-scrpage.sty
Package: scrlayer-scrpage 2017/04/13 v3.23 KOMA-Script package (end user interfa
ce for scrlayer)

(c:/texlive/2017/texmf-dist/tex/latex/koma-script/scrlayer.sty
Package: scrlayer 2017/04/13 v3.23 KOMA-Script package (defining layers and page
 styles)
Package scrlayer Info: Using already defined \footheight
(scrlayer)             hoping, that this is a length and
(scrlayer)             not only a macro on input line 107.
Package scrlayer Info: patching LaTeX kernel macro \pagestyle on input line 1987
.
)
Package scrlayer-scrpage Info: deactivating warning for font element
(scrlayer-scrpage)             `pagefoot' on input line 1203.
)
Package scrlayer-scrpage Info: auto-selection of `pagestyleset=KOMA-Script'.

(c:/texlive/2017/texmf-dist/tex/latex/amsmath/amsmath.sty
Package: amsmath 2016/11/05 v2.16a AMS math features
\@mathmargin=\skip56

For additional information on amsmath, use the `?' option.
(c:/texlive/2017/texmf-dist/tex/latex/amsmath/amstext.sty
Package: amstext 2000/06/29 v2.01 AMS text

(c:/texlive/2017/texmf-dist/tex/latex/amsmath/amsgen.sty
File: amsgen.sty 1999/11/30 v2.0 generic functions
\@emptytoks=\toks15
\ex@=\dimen110
))
(c:/texlive/2017/texmf-dist/tex/latex/amsmath/amsbsy.sty
Package: amsbsy 1999/11/29 v1.2d Bold Symbols
\pmbraise@=\dimen111
)
(c:/texlive/2017/texmf-dist/tex/latex/amsmath/amsopn.sty
Package: amsopn 2016/03/08 v2.02 operator names
)
\inf@bad=\count92
LaTeX Info: Redefining \frac on input line 213.
\uproot@=\count93
\leftroot@=\count94
LaTeX Info: Redefining \overline on input line 375.
\classnum@=\count95
\DOTSCASE@=\count96
LaTeX Info: Redefining \ldots on input line 472.
LaTeX Info: Redefining \dots on input line 475.
LaTeX Info: Redefining \cdots on input line 596.
\Mathstrutbox@=\box28
\strutbox@=\box29
\big@size=\dimen112
LaTeX Font Info:    Redeclaring font encoding OML on input line 712.
LaTeX Font Info:    Redeclaring font encoding OMS on input line 713.
\macc@depth=\count97
\c@MaxMatrixCols=\count98
\dotsspace@=\muskip10
\c@parentequation=\count99
\dspbrk@lvl=\count100
\tag@help=\toks16
\row@=\count101
\column@=\count102
\maxfields@=\count103
\andhelp@=\toks17
\eqnshift@=\dimen113
\alignsep@=\dimen114
\tagshift@=\dimen115
\tagwidth@=\dimen116
\totwidth@=\dimen117
\lineht@=\dimen118
\@envbody=\toks18
\multlinegap=\skip57
\multlinetaggap=\skip58
\mathdisplay@stack=\toks19
LaTeX Info: Redefining \[ on input line 2817.
LaTeX Info: Redefining \] on input line 2818.
))
(c:/texlive/2017/texmf-dist/tex/latex/oberdiek/rerunfilecheck.sty
Package: rerunfilecheck 2016/05/16 v1.8 Rerun checks for auxiliary files (HO)

(c:/texlive/2017/texmf-dist/tex/latex/oberdiek/kvoptions.sty
Package: kvoptions 2016/05/16 v3.12 Key value format for package options (HO)

(c:/texlive/2017/texmf-dist/tex/generic/oberdiek/ltxcmds.sty
Package: ltxcmds 2016/05/16 v1.23 LaTeX kernel commands for general use (HO)
)
(c:/texlive/2017/texmf-dist/tex/generic/oberdiek/kvsetkeys.sty
Package: kvsetkeys 2016/05/16 v1.17 Key value parser (HO)

(c:/texlive/2017/texmf-dist/tex/generic/oberdiek/infwarerr.sty
Package: infwarerr 2016/05/16 v1.4 Providing info/warning/error messages (HO)
)
(c:/texlive/2017/texmf-dist/tex/generic/oberdiek/etexcmds.sty
Package: etexcmds 2016/05/16 v1.6 Avoid name clashes with e-TeX commands (HO)

(c:/texlive/2017/texmf-dist/tex/generic/oberdiek/ifluatex.sty
Package: ifluatex 2016/05/16 v1.4 Provides the ifluatex switch (HO)
Package ifluatex Info: LuaTeX detected.
))))
(c:/texlive/2017/texmf-dist/tex/generic/oberdiek/pdftexcmds.sty
Package: pdftexcmds 2017/03/19 v0.25 Utility functions of pdfTeX for LuaTeX (HO)


(c:/texlive/2017/texmf-dist/tex/generic/oberdiek/ifpdf.sty
Package: ifpdf 2017/03/15 v3.2 Provides the ifpdf switch
)
Package pdftexcmds Info: \pdf@primitive is available.
Package pdftexcmds Info: \pdf@ifprimitive is available.
Package pdftexcmds Info: \pdfdraftmode found.
\pdftexcmds@toks=\toks20
)
(c:/texlive/2017/texmf-dist/tex/latex/oberdiek/atveryend.sty
Package: atveryend 2016/05/16 v1.9 Hooks at the very end of document (HO)
Package atveryend Info: \enddocument detected (standard20110627).
)
(c:/texlive/2017/texmf-dist/tex/generic/oberdiek/uniquecounter.sty
Package: uniquecounter 2016/05/16 v1.3 Provide unlimited unique counter (HO)

(c:/texlive/2017/texmf-dist/tex/generic/oberdiek/bigintcalc.sty
Package: bigintcalc 2016/05/16 v1.4 Expandable calculations on big integers (HO)

))
Package uniquecounter Info: New unique counter `rerunfilecheck' on input line 28
2.
)
(c:/texlive/2017/texmf-dist/tex/latex/fontspec/fontspec.sty
(c:/texlive/2017/texmf-dist/tex/latex/l3kernel/expl3.sty
Package: expl3 2017/07/19 L3 programming layer (loader) 

(c:/texlive/2017/texmf-dist/tex/latex/l3kernel/expl3-code.tex
Package: expl3 2017/07/19 L3 programming layer (code)
\ucharcat@table=\catcodetable5
\c_max_int=\count104
\l_tmpa_int=\count105
\l_tmpb_int=\count106
\g_tmpa_int=\count107
\g_tmpb_int=\count108
\g__intarray_font_int=\count109
\g__prg_map_int=\count110
\c_log_iow=\count111
\l_iow_line_count_int=\count112
\l__iow_line_target_int=\count113
\l__iow_one_indent_int=\count114
\l__iow_indent_int=\count115
\c_zero_dim=\dimen119
\c_max_dim=\dimen120
\l_tmpa_dim=\dimen121
\l_tmpb_dim=\dimen122
\g_tmpa_dim=\dimen123
\g_tmpb_dim=\dimen124
\c_zero_skip=\skip59
\c_max_skip=\skip60
\l_tmpa_skip=\skip61
\l_tmpb_skip=\skip62
\g_tmpa_skip=\skip63
\g_tmpb_skip=\skip64
\c_zero_muskip=\muskip11
\c_max_muskip=\muskip12
\l_tmpa_muskip=\muskip13
\l_tmpb_muskip=\muskip14
\g_tmpa_muskip=\muskip15
\g_tmpb_muskip=\muskip16
\l_keys_choice_int=\count116
\c__fp_leading_shift_int=\count117
\c__fp_middle_shift_int=\count118
\c__fp_trailing_shift_int=\count119
\c__fp_big_leading_shift_int=\count120
\c__fp_big_middle_shift_int=\count121
\c__fp_big_trailing_shift_int=\count122
\c__fp_Bigg_leading_shift_int=\count123
\c__fp_Bigg_middle_shift_int=\count124
\c__fp_Bigg_trailing_shift_int=\count125
\c__fp_rand_size_int=\count126
\c__fp_rand_four_int=\count127
\c__fp_rand_eight_int=\count128
\l__sort_length_int=\count129
\l__sort_min_int=\count130
\l__sort_top_int=\count131
\l__sort_max_int=\count132
\l__sort_true_max_int=\count133
\l__sort_block_int=\count134
\l__sort_begin_int=\count135
\l__sort_end_int=\count136
\l__sort_A_int=\count137
\l__sort_B_int=\count138
\l__sort_C_int=\count139
\l__tl_build_start_index_int=\count140
\l__tl_build_index_int=\count141
\l__tl_analysis_normal_int=\count142
\l__tl_analysis_index_int=\count143
\l__tl_analysis_nesting_int=\count144
\l__tl_analysis_type_int=\count145
\l__regex_internal_a_int=\count146
\l__regex_internal_b_int=\count147
\l__regex_internal_c_int=\count148
\l__regex_balance_int=\count149
\l__regex_group_level_int=\count150
\l__regex_mode_int=\count151
\c__regex_cs_in_class_mode_int=\count152
\c__regex_cs_mode_int=\count153
\l__regex_catcodes_int=\count154
\l__regex_default_catcodes_int=\count155
\c__regex_catcode_L_int=\count156
\c__regex_catcode_O_int=\count157
\c__regex_catcode_A_int=\count158
\c__regex_all_catcodes_int=\count159
\l__regex_show_lines_int=\count160
\l__regex_min_state_int=\count161
\l__regex_max_state_int=\count162
\l__regex_left_state_int=\count163
\l__regex_right_state_int=\count164
\l__regex_capturing_group_int=\count165
\l__regex_min_pos_int=\count166
\l__regex_max_pos_int=\count167
\l__regex_curr_pos_int=\count168
\l__regex_start_pos_int=\count169
\l__regex_success_pos_int=\count170
\l__regex_curr_char_int=\count171
\l__regex_curr_catcode_int=\count172
\l__regex_last_char_int=\count173
\l__regex_case_changed_char_int=\count174
\l__regex_curr_state_int=\count175
\l__regex_step_int=\count176
\l__regex_min_active_int=\count177
\l__regex_max_active_int=\count178
\l__regex_replacement_csnames_int=\count179
\l__regex_match_count_int=\count180
\l__regex_min_submatch_int=\count181
\l__regex_submatch_int=\count182
\l__regex_zeroth_submatch_int=\count183
\g__debug_trace_regex_int=\count184
\c_empty_box=\box30
\l_tmpa_box=\box31
\l_tmpb_box=\box32
\g_tmpa_box=\box33
\g_tmpb_box=\box34
\l__box_top_dim=\dimen125
\l__box_bottom_dim=\dimen126
\l__box_left_dim=\dimen127
\l__box_right_dim=\dimen128
\l__box_top_new_dim=\dimen129
\l__box_bottom_new_dim=\dimen130
\l__box_left_new_dim=\dimen131
\l__box_right_new_dim=\dimen132
\l__box_internal_box=\box35
\l__coffin_internal_box=\box36
\l__coffin_internal_dim=\dimen133
\l__coffin_offset_x_dim=\dimen134
\l__coffin_offset_y_dim=\dimen135
\l__coffin_x_dim=\dimen136
\l__coffin_y_dim=\dimen137
\l__coffin_x_prime_dim=\dimen138
\l__coffin_y_prime_dim=\dimen139
\c_empty_coffin=\box37
\l__coffin_aligned_coffin=\box38
\l__coffin_aligned_internal_coffin=\box39
\l_tmpa_coffin=\box40
\l_tmpb_coffin=\box41
\l__coffin_display_coffin=\box42
\l__coffin_display_coord_coffin=\box43
\l__coffin_display_pole_coffin=\box44
\l__coffin_display_offset_dim=\dimen140
\l__coffin_display_x_dim=\dimen141
\l__coffin_display_y_dim=\dimen142
\l__coffin_bounding_shift_dim=\dimen143
\l__coffin_left_corner_dim=\dimen144
\l__coffin_right_corner_dim=\dimen145
\l__coffin_bottom_corner_dim=\dimen146
\l__coffin_top_corner_dim=\dimen147
\l__coffin_scaled_total_height_dim=\dimen148
\l__coffin_scaled_width_dim=\dimen149
)
(c:/texlive/2017/texmf-dist/tex/latex/l3kernel/l3pdfmode.def
File: l3pdfmode.def 2017/03/18 v L3 Experimental driver: PDF mode
\l__driver_color_stack_int=\count185
\l__driver_tmp_box=\box45
))
(c:/texlive/2017/texmf-dist/tex/latex/l3packages/xparse/xparse.sty
Package: xparse 2017/07/19 L3 Experimental document command parser
\l__xparse_current_arg_int=\count186
\g__xparse_grabber_int=\count187
\l__xparse_m_args_int=\count188
\l__xparse_mandatory_args_int=\count189
\l__xparse_v_nesting_int=\count190
)
Package: fontspec 2017/08/14 v2.6d Font selection for XeLaTeX and LuaLaTeX
Lua module: fontspec 2017/08/14 2.6d Font selection for XeLaTeX and LuaLaTeX
(c:/texlive/2017/texmf-dist/tex/latex/fontspec/fontspec-luatex.sty
Package: fontspec-luatex 2017/08/14 v2.6d Font selection for XeLaTeX and LuaLaTe
X
\l__fontspec_script_int=\count191
\l__fontspec_language_int=\count192
\l__fontspec_strnum_int=\count193
\l__fontspec_tmp_int=\count194
\l__fontspec_em_int=\count195
\l__fontspec_emdef_int=\count196
\l__fontspec_strong_int=\count197
\l__fontspec_strongdef_int=\count198
\l__fontspec_tmpa_dim=\dimen150
\l__fontspec_tmpb_dim=\dimen151
\l__fontspec_tmpc_dim=\dimen152
\g__file_internal_ior=\read1

(c:/texlive/2017/texmf-dist/tex/latex/base/fontenc.sty
Package: fontenc 2017/04/05 v2.0i Standard LaTeX package

(c:/texlive/2017/texmf-dist/tex/latex/base/tuenc.def
File: tuenc.def 2017/04/05 v2.0i Standard LaTeX file
LaTeX Font Info:    Redeclaring font encoding TU on input line 82.
))
.................................................
. LaTeX info: "xparse/define-command"
. 
. Defining command \fontspec with sig. 'O{}mO{}' on line 477.
.................................................
.................................................
. LaTeX info: "xparse/define-command"
. 
. Defining command \setmainfont with sig. 'O{}mO{}' on line 488.
.................................................
.................................................
. LaTeX info: "xparse/define-command"
. 
. Defining command \setsansfont with sig. 'O{}mO{}' on line 508.
.................................................
.................................................
. LaTeX info: "xparse/define-command"
. 
. Defining command \setmonofont with sig. 'O{}mO{}' on line 528.
.................................................
.................................................
. LaTeX info: "xparse/define-command"
. 
. Defining command \setromanfont with sig. 'O{}mO{}' on line 548.
.................................................
.................................................
. LaTeX info: "xparse/define-command"
. 
. Defining command \setmathrm with sig. 'O{}mO{}' on line 552.
.................................................
.................................................
. LaTeX info: "xparse/define-command"
. 
. Defining command \setboldmathrm with sig. 'O{}mO{}' on line 560.
.................................................
.................................................
. LaTeX info: "xparse/define-command"
. 
. Defining command \setmathsf with sig. 'O{}mO{}' on line 568.
.................................................
.................................................
. LaTeX info: "xparse/define-command"
. 
. Defining command \setmathtt with sig. 'O{}mO{}' on line 576.
.................................................
.................................................
. LaTeX info: "xparse/define-command"
. 
. Defining command \newfontfamily with sig. 'mO{}mO{}' on line 591.
.................................................
.................................................
. LaTeX info: "xparse/define-command"
. 
. Defining command \newfontface with sig. 'mO{}mO{}' on line 608.
.................................................
.................................................
. LaTeX info: "xparse/define-command"
. 
. Defining command \defaultfontfeatures with sig. 't+om' on line 619.
.................................................
.................................................
. LaTeX info: "xparse/define-command"
. 
. Defining command \addfontfeatures with sig. 'm' on line 650.
.................................................
.................................................
. LaTeX info: "xparse/define-command"
. 
. Defining command \newfontfeature with sig. 'mm' on line 677.
.................................................
.................................................
. LaTeX info: "xparse/define-command"
. 
. Defining command \newAATfeature with sig. 'mmmm' on line 691.
.................................................
.................................................
. LaTeX info: "xparse/define-command"
. 
. Defining command \newopentypefeature with sig. 'mmm' on line 705.
.................................................
.................................................
. LaTeX info: "xparse/define-command"
. 
. Defining command \newICUfeature with sig. 'mmm' on line 725.
.................................................
.................................................
. LaTeX info: "xparse/define-command"
. 
. Defining command \aliasfontfeature with sig. 'mm' on line 729.
.................................................
.................................................
. LaTeX info: "xparse/define-command"
. 
. Defining command \aliasfontfeatureoption with sig. 'mmm' on line 750.
.................................................
.................................................
. LaTeX info: "xparse/define-command"
. 
. Defining command \newfontscript with sig. 'mm' on line 783.
.................................................
.................................................
. LaTeX info: "xparse/define-command"
. 
. Defining command \newfontlanguage with sig. 'mm' on line 787.
.................................................
.................................................
. LaTeX info: "xparse/define-command"
. 
. Defining command \DeclareFontsExtensions with sig. 'm' on line 791.
.................................................
.................................................
. LaTeX info: "xparse/define-command"
. 
. Defining command \IfFontFeatureActiveTF with sig. 'mmm' on line 802.
.................................................
.................................................
. LaTeX info: "xparse/define-command"
. 
. Defining command \EncodingCommand with sig. 'mO{}m' on line 3259.
.................................................
.................................................
. LaTeX info: "xparse/define-command"
. 
. Defining command \EncodingAccent with sig. 'mm' on line 3265.
.................................................
.................................................
. LaTeX info: "xparse/define-command"
. 
. Defining command \EncodingSymbol with sig. 'mm' on line 3271.
.................................................
.................................................
. LaTeX info: "xparse/define-command"
. 
. Defining command \EncodingComposite with sig. 'mmm' on line 3277.
.................................................
.................................................
. LaTeX info: "xparse/define-command"
. 
. Defining command \EncodingCompositeCommand with sig. 'mmm' on line 3283.
.................................................
.................................................
. LaTeX info: "xparse/define-command"
. 
. Defining command \DeclareUnicodeEncoding with sig. 'mm' on line 3308.
.................................................
.................................................
. LaTeX info: "xparse/define-command"
. 
. Defining command \UndeclareSymbol with sig. 'm' on line 3314.
.................................................
.................................................
. LaTeX info: "xparse/define-command"
. 
. Defining command \UndeclareComposite with sig. 'mm' on line 3322.
.................................................

(c:/texlive/2017/texmf-dist/tex/latex/fontspec/fontspec.cfg)
LaTeX Info: Redefining \itshape on input line 3507.
LaTeX Info: Redefining \slshape on input line 3512.
LaTeX Info: Redefining \scshape on input line 3517.
LaTeX Info: Redefining \upshape on input line 3522.
LaTeX Info: Redefining \em on input line 3552.
LaTeX Info: Redefining \emph on input line 3577.
(load luc: C:/texlive/2017/texmf-var/luatex-cache/generic/fonts/otl/lmroman10-bo
ld.luc)(load luc: C:/texlive/2017/texmf-var/luatex-cache/generic/fonts/otl/lmrom
an10-italic.luc)
LaTeX Info: Redefining \- on input line 3628.
.................................................
. LaTeX info: "xparse/redefine-command"
. 
. Redefining command \oldstylenums with sig. 'm' on line 3723.
.................................................
.................................................
. LaTeX info: "xparse/define-command"
. 
. Defining command \liningnums with sig. 'm' on line 3727.
.................................................
)) (c:/texlive/2017/texmf-dist/tex/latex/polyglossia/polyglossia.sty
Package: polyglossia 2015/03/25 v1.42.4 Alternative to Babel for XeLaTeX and Lua
LaTeX

(c:/texlive/2017/texmf-dist/tex/latex/etoolbox/etoolbox.sty
Package: etoolbox 2017/01/02 v2.4 e-TeX tools for LaTeX (JAW)
\etb@tempcnta=\count199
)
(c:/texlive/2017/texmf-dist/tex/latex/makecmds/makecmds.sty
Package: makecmds 2009/09/03 v1.0a extra command making commands
)
(c:/texlive/2017/texmf-dist/tex/latex/xkeyval/xkeyval.sty
Package: xkeyval 2014/12/03 v2.7a package option processing (HA)

(c:/texlive/2017/texmf-dist/tex/generic/xkeyval/xkeyval.tex
(c:/texlive/2017/texmf-dist/tex/generic/xkeyval/xkvutils.tex
\XKV@toks=\toks21
\XKV@tempa@toks=\toks22
)
\XKV@depth=\count266
File: xkeyval.tex 2014/12/03 v2.7a key=value parser (HA)
))
(c:/texlive/2017/texmf-dist/tex/generic/ifxetex/ifxetex.sty
Package: ifxetex 2010/09/12 v0.6 Provides ifxetex conditional
)
(c:/texlive/2017/texmf-dist/tex/luatex/luatexbase/luatexbase.sty
Package: luatexbase 2015/10/04 v1.3 luatexbase interface to LuaTeX 

(c:/texlive/2017/texmf-dist/tex/luatex/ctablestack/ctablestack.sty
Package: ctablestack 2015/10/01 v1.0 Catcode table stable support
\@catcodetablestackcnt=\count267
)
\CatcodeTableOther=\catcodetable6
\CatcodeTableExpl=\catcodetable7
)
luatex-hyphen: using data file: c:/texlive/2017/texmf-var/tex/generic/config/lan
guage.dat.lua
Lua module: polyglossia 2013/05/11 1.3 Polyglossia)
(c:/texlive/2017/texmf-dist/tex/latex/polyglossia/gloss-german.ldf
File: gloss-german.ldf polyglossia: module for german

hyph-de-1901.pat.txt
Language german was not yet loaded; created with id 4
Language german already loaded; id is 4
hyph-de-1996.pat.txt
Language ngerman was not yet loaded; created with id 8
Language ngerman already loaded; id is 8
(c:/texlive/2017/texmf-dist/tex/latex/polyglossia/babelsh.def
File: babelsh.def 2013/04/30 Babel common definitions for shorthands
 Taken verbatim from babel.def (2013/04/15 v3.9e)
)
Package polyglossia Info: Making " an active character on input line 79.
)
Package polyglossia Info: Default language is german.

(c:/texlive/2017/texmf-dist/tex/latex/polyglossia/gloss-english.ldf
File: gloss-english.ldf polyglossia: module for english
)
(c:/texlive/2017/texmf-dist/tex/latex/csquotes/csquotes.sty
Package: csquotes 2017/03/11 v5.2b context-sensitive quotations (JAW)
\csq@reset=\count268
\csq@gtype=\count269
\csq@glevel=\count270
\csq@qlevel=\count271
\csq@maxlvl=\count272
\csq@tshold=\count273
\csq@ltx@everypar=\toks23

(c:/texlive/2017/texmf-dist/tex/latex/csquotes/csquotes.def
File: csquotes.def 2017/03/11 v5.2b csquotes generic definitions (JAW)
)
Package csquotes Info: Trying to load configuration file 'csquotes.cfg'...
Package csquotes Info: ... configuration file loaded successfully.

(c:/texlive/2017/texmf-dist/tex/latex/csquotes/csquotes.cfg
File: csquotes.cfg 
)
Package csquotes Info: Enabling multilingual quotes.
)
(c:/texlive/2017/texmf-dist/tex/latex/microtype/microtype.sty
Package: microtype 2017/07/07 v2.7 Micro-typographical refinements (RS)
\MT@toks=\toks24
\MT@count=\count274
LaTeX Info: Redefining \textls on input line 789.
\MT@outer@kern=\dimen153
LaTeX Info: Redefining \textmicrotypecontext on input line 1334.
\MT@listname@count=\count275

(c:/texlive/2017/texmf-dist/tex/latex/microtype/microtype-luatex.def
File: microtype-luatex.def 2017/07/07 v2.7 Definitions specific to luatex (RS)
Lua module: microtype 2017/07/07 2.7 microtype module.
LaTeX Info: Redefining \lsstyle on input line 681.
LaTeX Info: Redefining \lslig on input line 681.
\MT@outer@space=\skip65
)
Package microtype Info: Loading configuration file microtype.cfg.

(c:/texlive/2017/texmf-dist/tex/latex/microtype/microtype.cfg
File: microtype.cfg 2017/07/07 v2.7 microtype main configuration file (RS)
))
(c:/texlive/2017/texmf-dist/tex/latex/amsfonts/amssymb.sty
Package: amssymb 2013/01/14 v3.01 AMS font symbols

(c:/texlive/2017/texmf-dist/tex/latex/amsfonts/amsfonts.sty
Package: amsfonts 2013/01/14 v3.01 Basic AMSFonts support
\symAMSa=\mathgroup4
\symAMSb=\mathgroup5
LaTeX Font Info:    Overwriting math alphabet `\mathfrak' in version `bold'
(Font)                  U/euf/m/n --> U/euf/b/n on input line 106.
))
(c:/texlive/2017/texmf-dist/tex/latex/mathtools/mathtools.sty
Package: mathtools 2017/05/24 v1.19 mathematical typesetting tools

(c:/texlive/2017/texmf-dist/tex/latex/tools/calc.sty
Package: calc 2014/10/28 v4.3 Infix arithmetic (KKT,FJ)
\calc@Acount=\count276
\calc@Bcount=\count277
\calc@Adimen=\dimen154
\calc@Bdimen=\dimen155
\calc@Askip=\skip66
\calc@Bskip=\skip67
LaTeX Info: Redefining \setlength on input line 80.
LaTeX Info: Redefining \addtolength on input line 81.
\calc@Ccount=\count278
\calc@Cskip=\skip68
)
(c:/texlive/2017/texmf-dist/tex/latex/mathtools/mhsetup.sty
Package: mhsetup 2017/03/31 v1.3 programming setup (MH)
)
LaTeX Info: Thecontrolsequence`\('isalreadyrobust on input line 129.
LaTeX Info: Thecontrolsequence`\)'isalreadyrobust on input line 129.
LaTeX Info: Thecontrolsequence`\['isalreadyrobust on input line 129.
LaTeX Info: Thecontrolsequence`\]'isalreadyrobust on input line 129.
\g_MT_multlinerow_int=\count279
\l_MT_multwidth_dim=\dimen156
\origjot=\skip69
\l_MT_shortvdotswithinadjustabove_dim=\dimen157
\l_MT_shortvdotswithinadjustbelow_dim=\dimen158
\l_MT_above_intertext_sep=\dimen159
\l_MT_below_intertext_sep=\dimen160
\l_MT_above_shortintertext_sep=\dimen161
\l_MT_below_shortintertext_sep=\dimen162
)
(c:/texlive/2017/texmf-dist/tex/latex/unicode-math/unicode-math.sty
Package: unicode-math 2017/08/02 v0.8f Unicode maths in XeLaTeX and LuaLaTeX

(c:/texlive/2017/texmf-dist/tex/latex/ucharcat/ucharcat.sty
Package: ucharcat 2015/11/19 v0.03 ucharcat for luaLaTeX (DPC)
\ucharcat@table=\catcodetable8
)
(c:/texlive/2017/texmf-dist/tex/latex/l3packages/l3keys2e/l3keys2e.sty
Package: l3keys2e 2017/07/19 LaTeX2e option processing using LaTeX3 keys
)
(c:/texlive/2017/texmf-dist/tex/latex/base/fix-cm.sty
Package: fix-cm 2015/01/14 v1.1t fixes to LaTeX

(c:/texlive/2017/texmf-dist/tex/latex/base/ts1enc.def
File: ts1enc.def 2001/06/05 v3.0e (jk/car/fm) Standard LaTeX file
))
(c:/texlive/2017/texmf-dist/tex/latex/filehook/filehook.sty
Package: filehook 2011/10/12 v0.5d Hooks for input files

(c:/texlive/2017/texmf-dist/tex/latex/filehook/filehook-scrlfile.sty
Package: filehook-scrlfile 2011/01/03 v0.1 filehook patch for scrlfile package
Package filehook Info: Package 'scrlfile' detected and compensated for on input 
line 102.
))
\g__um_fam_int=\count280
\g__um_primekern_muskip=\muskip17
\l__um_primecount_int=\count281
.................................................
. LaTeX info: "xparse/define-command"
. 
. Defining command \unimathsetup with sig. 'm' on line 166.
.................................................

(c:/texlive/2017/texmf-dist/tex/latex/unicode-math/unicode-math-luatex.sty
(c:/texlive/2017/texmf-dist/tex/lualatex/lualatex-math/lualatex-math.sty
Package: lualatex-math 2017/06/15 v1.7 Patches for mathematics typesetting with 
LuaLaTeX
Lua module: lualatex-math 2013/08/03 1.3 Patches for mathematics typesetting wit
h LuaLaTeX
.................................................
. lualatex-math info: "patch-macro"
. 
. I'm going to patch macro \subarray.
.................................................
.................................................
. lualatex-math info: "patch-macro"
. 
. I'm going to patch macro \frac .
.................................................
.................................................
. lualatex-math info: "patch-macro"
. 
. I'm going to patch macro \genfrac .
.................................................
.................................................
. lualatex-math info: "patch-macro"
. 
. I'm going to patch macro \MT_cramped_internal:Nn.
.................................................
)
.................................................
. LaTeX info: "xparse/define-command"
. 
. Defining command \setmathfontface with sig. 'mO{}mO{}' on line 169.
.................................................
.................................................
. LaTeX info: "xparse/define-command"
. 
. Defining command \setoperatorfont with sig. 'm' on line 173.
.................................................
.................................................
. LaTeX info: "xparse/define-command"
. 
. Defining command \setmathfont with sig. 'O{}mO{}' on line 282.
.................................................
.................................................
. LaTeX info: "xparse/define-command"
. 
. Defining command \addnolimits with sig. 'm' on line 525.
.................................................
.................................................
. LaTeX info: "xparse/define-command"
. 
. Defining command \removenolimits with sig. 'm' on line 529.
.................................................

(c:/texlive/2017/texmf-dist/tex/latex/unicode-math/unicode-math-table.tex)
.................................................
. unicode-math info: "patch-macro"
. 
. I'm going to patch macro \plainroot@.
.................................................
.................................................
. unicode-math info: "patch-macro"
. 
. I'm going to patch macro \r@@t.
.................................................

*************************************************
* unicode-math warning: "mathtools-colon"
* 
* I'm going to overwrite the following commands from the `mathtools' package:
* 
*     \dblcolon, \coloneqq, \Coloneqq, \eqqcolon.
* 
* Note that since I won't overwrite the other colon-like commands, using them
* will lead to inconsistencies.
*************************************************
.................................................
. LaTeX info: "xparse/define-command"
. 
. Defining command \dblcolon with sig. '' on line 1952.
.................................................
.................................................
. LaTeX info: "xparse/define-command"
. 
. Defining command \coloneqq with sig. '' on line 1952.
.................................................
.................................................
. LaTeX info: "xparse/define-command"
. 
. Defining command \Coloneqq with sig. '' on line 1952.
.................................................
.................................................
. LaTeX info: "xparse/define-command"
. 
. Defining command \eqqcolon with sig. '' on line 1952.
.................................................
))
luaotfload | cache : Lookup cache loaded from C:/texlive/2017/texmf-var/luatex-c
ache/generic/names/luaotfload-lookup-cache.luc.(load luc: C:/texlive/2017/texmf-
var/luatex-cache/generic/fonts/otl/latinmodern-math.luc)
\g__fontspec_family_LatinModernMath_int=\count282
.................................................
. fontspec info: "no-font-shape"
. 
. Could not resolve font "LatinModernMath/B" (it probably doesn't exist).
.................................................
luaotfload | aux : font no 26 (nil) does not define feature smcp for script math
 with language dflt
luaotfload | aux : no font with id 26
.................................................
. fontspec info: "defining-font"
. 
. Font family 'LatinModernMath(0)' created for font 'Latin Modern Math' with
. options
. [Ligatures=TeX,Renderer=Basic,BoldItalicFont={},ItalicFont={},Script=Math,Size
Features={{Size=10.95-},{Size=8-10.95,Font=Latin
. Modern Math,Style=MathScript},{Size=-8,Font=Latin Modern
. Math,Style=MathScriptScript}}].
.  
.  This font family consists of the following NFSS series/shapes:
.  
. - 'normal' (m/n) with NFSS spec.:
. <10.95->"LatinModernMath:mode=base;script=math;language=DFLT;+tlig;"<8-10.95>"
LatinModernMath:mode=base;script=math;language=DFLT;+tlig;+ssty=0;"<-8>"LatinMod
ernMath:mode=base;script=math;language=DFLT;+tlig;+ssty=1;"
. - 'small caps'  (m/sc) with NFSS spec.: 
.................................................
LaTeX Font Info:    Encoding `OT1' has changed to `TU' for symbol font
(Font)              `operators' in the math version `normal' on input line 63.
LaTeX Font Info:    Overwriting symbol font `operators' in version `normal'
(Font)                  OT1/cmr/m/n --> TU/LatinModernMath(0)/m/n on input line 
63.
LaTeX Font Info:    Encoding `OT1' has changed to `TU' for symbol font
(Font)              `operators' in the math version `bold' on input line 63.
LaTeX Font Info:    Overwriting symbol font `operators' in version `bold'
(Font)                  OT1/cmr/bx/n --> TU/LatinModernMath(0)/bx/n on input lin
e 63.
.................................................
. fontspec info: "no-font-shape"
. 
. Could not resolve font "LatinModernMath/B" (it probably doesn't exist).
.................................................
luaotfload | aux : font no 26 (nil) does not define feature smcp for script math
 with language dflt
luaotfload | aux : no font with id 26
.................................................
. fontspec info: "defining-font"
. 
. Font family 'LatinModernMath(1)' created for font 'Latin Modern Math' with
. options
. [Ligatures=TeX,Renderer=Basic,BoldItalicFont={},ItalicFont={},Script=Math,Size
Features={{Size=10.95-},{Size=8-10.95,Font=Latin
. Modern Math,Style=MathScript},{Size=-8,Font=Latin Modern
. Math,Style=MathScriptScript}},Scale=1.00001,FontAdjustment={\fontdimen
. 8\font =485828.063sp\relax \fontdimen 9\font =282741.886sp\relax \fontdimen
. 10\font =318622.836sp\relax \fontdimen 11\font =492286.634sp\relax
. \fontdimen 12\font =247578.555sp\relax \fontdimen 13\font
. =260495.697sp\relax \fontdimen 14\font =260495.697sp\relax \fontdimen
. 15\font =207391.891sp\relax \fontdimen 16\font =177251.893sp\relax
. \fontdimen 17\font =0sp\relax \fontdimen 18\font =179404.75sp\relax
. \fontdimen 19\font =143523.8sp\relax \fontdimen 20\font =0pt\relax
. \fontdimen 21\font =0pt\relax \fontdimen 22\font =179404.75sp\relax }].
.  
.  This font family consists of the following NFSS series/shapes:
.  
. - 'normal' (m/n) with NFSS spec.:
. <10.95->s*[1.00001]"LatinModernMath:mode=base;script=math;language=DFLT;+tlig;
"<8-10.95>s*[1.00001]"LatinModernMath:mode=base;script=math;language=DFLT;+tlig;
+ssty=0;"<-8>s*[1.00001]"LatinModernMath:mode=base;script=math;language=DFLT;+tl
ig;+ssty=1;"
. - 'small caps'  (m/sc) with NFSS spec.: 
. and font adjustment code:
. \fontdimen 8\font =485828.063sp\relax \fontdimen 9\font =282741.886sp\relax
. \fontdimen 10\font =318622.836sp\relax \fontdimen 11\font
. =492286.634sp\relax \fontdimen 12\font =247578.555sp\relax \fontdimen
. 13\font =260495.697sp\relax \fontdimen 14\font =260495.697sp\relax
. \fontdimen 15\font =207391.891sp\relax \fontdimen 16\font
. =177251.893sp\relax \fontdimen 17\font =0sp\relax \fontdimen 18\font
. =179404.75sp\relax \fontdimen 19\font =143523.8sp\relax \fontdimen 20\font
. =0pt\relax \fontdimen 21\font =0pt\relax \fontdimen 22\font
. =179404.75sp\relax 
.................................................
LaTeX Font Info:    Encoding `OMS' has changed to `TU' for symbol font
(Font)              `symbols' in the math version `normal' on input line 63.
LaTeX Font Info:    Overwriting symbol font `symbols' in version `normal'
(Font)                  OMS/cmsy/m/n --> TU/LatinModernMath(1)/m/n on input line
 63.
LaTeX Font Info:    Encoding `OMS' has changed to `TU' for symbol font
(Font)              `symbols' in the math version `bold' on input line 63.
LaTeX Font Info:    Overwriting symbol font `symbols' in version `bold'
(Font)                  OMS/cmsy/b/n --> TU/LatinModernMath(1)/bx/n on input lin
e 63.
.................................................
. fontspec info: "no-font-shape"
. 
. Could not resolve font "LatinModernMath/B" (it probably doesn't exist).
.................................................
luaotfload | aux : font no 26 (nil) does not define feature smcp for script math
 with language dflt
luaotfload | aux : no font with id 26
.................................................
. fontspec info: "defining-font"
. 
. Font family 'LatinModernMath(2)' created for font 'Latin Modern Math' with
. options
. [Ligatures=TeX,Renderer=Basic,BoldItalicFont={},ItalicFont={},Script=Math,Size
Features={{Size=10.95-},{Size=8-10.95,Font=Latin
. Modern Math,Style=MathScript},{Size=-8,Font=Latin Modern
. Math,Style=MathScriptScript}},Scale=0.99999,FontAdjustment={\fontdimen
. 8\font =28704.76sp\relax \fontdimen 9\font =143523.8sp\relax \fontdimen
. 10\font =119842.373sp\relax \fontdimen 11\font =79655.709sp\relax \fontdimen
. 12\font =430571.4sp\relax \fontdimen 13\font =0pt\relax }].
.  
.  This font family consists of the following NFSS series/shapes:
.  
. - 'normal' (m/n) with NFSS spec.:
. <10.95->s*[0.99999]"LatinModernMath:mode=base;script=math;language=DFLT;+tlig;
"<8-10.95>s*[0.99999]"LatinModernMath:mode=base;script=math;language=DFLT;+tlig;
+ssty=0;"<-8>s*[0.99999]"LatinModernMath:mode=base;script=math;language=DFLT;+tl
ig;+ssty=1;"
. - 'small caps'  (m/sc) with NFSS spec.: 
. and font adjustment code:
. \fontdimen 8\font =28704.76sp\relax \fontdimen 9\font =143523.8sp\relax
. \fontdimen 10\font =119842.373sp\relax \fontdimen 11\font =79655.709sp\relax
. \fontdimen 12\font =430571.4sp\relax \fontdimen 13\font =0pt\relax 
.................................................
LaTeX Font Info:    Encoding `OMX' has changed to `TU' for symbol font
(Font)              `largesymbols' in the math version `normal' on input line 63
.
LaTeX Font Info:    Overwriting symbol font `largesymbols' in version `normal'
(Font)                  OMX/cmex/m/n --> TU/LatinModernMath(2)/m/n on input line
 63.
LaTeX Font Info:    Encoding `OMX' has changed to `TU' for symbol font
(Font)              `largesymbols' in the math version `bold' on input line 63.
LaTeX Font Info:    Overwriting symbol font `largesymbols' in version `bold'
(Font)                  OMX/cmex/m/n --> TU/LatinModernMath(2)/bx/n on input lin
e 63.
 (c:/texlive/2017/texmf-dist/tex/latex/l3packages/xfrac/xfrac.sty
(c:/texlive/2017/texmf-dist/tex/latex/graphics/graphicx.sty
Package: graphicx 2017/06/01 v1.1a Enhanced LaTeX Graphics (DPC,SPQR)

(c:/texlive/2017/texmf-dist/tex/latex/graphics/graphics.sty
Package: graphics 2017/06/25 v1.2c Standard LaTeX Graphics (DPC,SPQR)

(c:/texlive/2017/texmf-dist/tex/latex/graphics/trig.sty
Package: trig 2016/01/03 v1.10 sin cos tan (DPC)
)
(c:/texlive/2017/texmf-dist/tex/latex/graphics-cfg/graphics.cfg
File: graphics.cfg 2016/06/04 v1.11 sample graphics configuration
)
Package graphics Info: Driver file: luatex.def on input line 99.
)
\Gin@req@height=\dimen163
\Gin@req@width=\dimen164
)
(c:/texlive/2017/texmf-dist/tex/latex/base/textcomp.sty
Package: textcomp 2017/04/05 v2.0i Standard LaTeX package
Package textcomp Info: Sub-encoding information:
(textcomp)               5 = only ISO-Adobe without \textcurrency
(textcomp)               4 = 5 + \texteuro
(textcomp)               3 = 4 + \textohm
(textcomp)               2 = 3 + \textestimated + \textcurrency
(textcomp)               1 = TS1 - \textcircled - \t
(textcomp)               0 = TS1 (full)
(textcomp)             Font families with sub-encoding setting implement
(textcomp)             only a restricted character set as indicated.
(textcomp)             Family '?' is the default used for unknown fonts.
(textcomp)             See the documentation for details.
Package textcomp Info: Setting ? sub-encoding to TS1/1 on input line 79.

(c:/texlive/2017/texmf-dist/tex/latex/base/ts1enc.def
File: ts1enc.def 2001/06/05 v3.0e (jk/car/fm) Standard LaTeX file
LaTeX Font Info:    Redeclaring font encoding TS1 on input line 47.
)
LaTeX Info: Redefining \oldstylenums on input line 334.
Package textcomp Info: Setting cmr sub-encoding to TS1/0 on input line 349.
Package textcomp Info: Setting cmss sub-encoding to TS1/0 on input line 350.
Package textcomp Info: Setting cmtt sub-encoding to TS1/0 on input line 351.
Package textcomp Info: Setting cmvtt sub-encoding to TS1/0 on input line 352.
Package textcomp Info: Setting cmbr sub-encoding to TS1/0 on input line 353.
Package textcomp Info: Setting cmtl sub-encoding to TS1/0 on input line 354.
Package textcomp Info: Setting ccr sub-encoding to TS1/0 on input line 355.
Package textcomp Info: Setting ptm sub-encoding to TS1/4 on input line 356.
Package textcomp Info: Setting pcr sub-encoding to TS1/4 on input line 357.
Package textcomp Info: Setting phv sub-encoding to TS1/4 on input line 358.
Package textcomp Info: Setting ppl sub-encoding to TS1/3 on input line 359.
Package textcomp Info: Setting pag sub-encoding to TS1/4 on input line 360.
Package textcomp Info: Setting pbk sub-encoding to TS1/4 on input line 361.
Package textcomp Info: Setting pnc sub-encoding to TS1/4 on input line 362.
Package textcomp Info: Setting pzc sub-encoding to TS1/4 on input line 363.
Package textcomp Info: Setting bch sub-encoding to TS1/4 on input line 364.
Package textcomp Info: Setting put sub-encoding to TS1/5 on input line 365.
Package textcomp Info: Setting uag sub-encoding to TS1/5 on input line 366.
Package textcomp Info: Setting ugq sub-encoding to TS1/5 on input line 367.
Package textcomp Info: Setting ul8 sub-encoding to TS1/4 on input line 368.
Package textcomp Info: Setting ul9 sub-encoding to TS1/4 on input line 369.
Package textcomp Info: Setting augie sub-encoding to TS1/5 on input line 370.
Package textcomp Info: Setting dayrom sub-encoding to TS1/3 on input line 371.
Package textcomp Info: Setting dayroms sub-encoding to TS1/3 on input line 372.
Package textcomp Info: Setting pxr sub-encoding to TS1/0 on input line 373.
Package textcomp Info: Setting pxss sub-encoding to TS1/0 on input line 374.
Package textcomp Info: Setting pxtt sub-encoding to TS1/0 on input line 375.
Package textcomp Info: Setting txr sub-encoding to TS1/0 on input line 376.
Package textcomp Info: Setting txss sub-encoding to TS1/0 on input line 377.
Package textcomp Info: Setting txtt sub-encoding to TS1/0 on input line 378.
Package textcomp Info: Setting lmr sub-encoding to TS1/0 on input line 379.
Package textcomp Info: Setting lmdh sub-encoding to TS1/0 on input line 380.
Package textcomp Info: Setting lmss sub-encoding to TS1/0 on input line 381.
Package textcomp Info: Setting lmssq sub-encoding to TS1/0 on input line 382.
Package textcomp Info: Setting lmvtt sub-encoding to TS1/0 on input line 383.
Package textcomp Info: Setting lmtt sub-encoding to TS1/0 on input line 384.
Package textcomp Info: Setting qhv sub-encoding to TS1/0 on input line 385.
Package textcomp Info: Setting qag sub-encoding to TS1/0 on input line 386.
Package textcomp Info: Setting qbk sub-encoding to TS1/0 on input line 387.
Package textcomp Info: Setting qcr sub-encoding to TS1/0 on input line 388.
Package textcomp Info: Setting qcs sub-encoding to TS1/0 on input line 389.
Package textcomp Info: Setting qpl sub-encoding to TS1/0 on input line 390.
Package textcomp Info: Setting qtm sub-encoding to TS1/0 on input line 391.
Package textcomp Info: Setting qzc sub-encoding to TS1/0 on input line 392.
Package textcomp Info: Setting qhvc sub-encoding to TS1/0 on input line 393.
Package textcomp Info: Setting futs sub-encoding to TS1/4 on input line 394.
Package textcomp Info: Setting futx sub-encoding to TS1/4 on input line 395.
Package textcomp Info: Setting futj sub-encoding to TS1/4 on input line 396.
Package textcomp Info: Setting hlh sub-encoding to TS1/3 on input line 397.
Package textcomp Info: Setting hls sub-encoding to TS1/3 on input line 398.
Package textcomp Info: Setting hlst sub-encoding to TS1/3 on input line 399.
Package textcomp Info: Setting hlct sub-encoding to TS1/5 on input line 400.
Package textcomp Info: Setting hlx sub-encoding to TS1/5 on input line 401.
Package textcomp Info: Setting hlce sub-encoding to TS1/5 on input line 402.
Package textcomp Info: Setting hlcn sub-encoding to TS1/5 on input line 403.
Package textcomp Info: Setting hlcw sub-encoding to TS1/5 on input line 404.
Package textcomp Info: Setting hlcf sub-encoding to TS1/5 on input line 405.
Package textcomp Info: Setting pplx sub-encoding to TS1/3 on input line 406.
Package textcomp Info: Setting pplj sub-encoding to TS1/3 on input line 407.
Package textcomp Info: Setting ptmx sub-encoding to TS1/4 on input line 408.
Package textcomp Info: Setting ptmj sub-encoding to TS1/4 on input line 409.
)
(c:/texlive/2017/texmf-dist/tex/latex/l3packages/xtemplate/xtemplate.sty
Package: xtemplate 2017/07/19 L3 Experimental prototype document functions
\l__xtemplate_tmp_dim=\dimen165
\l__xtemplate_tmp_int=\count283
\l__xtemplate_tmp_muskip=\muskip18
\l__xtemplate_tmp_skip=\skip70
)
Package: xfrac 2017/07/19 L3 Experimental split-level fractions
\l__xfrac_slash_box=\box46
\l__xfrac_tmp_box=\box47
\l__xfrac_denominator_bot_sep_dim=\dimen166
\l__xfrac_numerator_bot_sep_dim=\dimen167
\l__xfrac_numerator_top_sep_dim=\dimen168
\l__xfrac_slash_left_sep_dim=\dimen169
\l__xfrac_slash_right_sep_dim=\dimen170
\l__xfrac_slash_left_muskip=\muskip19
\l__xfrac_slash_right_muskip=\muskip20
.................................................
. xtemplate info: "declare-object-type"
. 
. Declaring object type 'xfrac' taking 3 argument(s) on line 80.
.................................................
.................................................
. LaTeX info: "xparse/define-command"
. 
. Defining command \sfrac with sig. 'omom' on line 419.
.................................................
)
(c:/texlive/2017/texmf-dist/tex/latex/siunitx/siunitx.sty
Package: siunitx 2017/08/02 v2.7j A comprehensive (SI) units package

(c:/texlive/2017/texmf-dist/tex/latex/tools/array.sty
Package: array 2016/10/06 v2.4d Tabular extension package (FMi)
\col@sep=\dimen171
\extrarowheight=\dimen172
\NC@list=\toks25
\extratabsurround=\skip71
\backup@length=\skip72
)
\l__siunitx_tmp_box=\box48
\l__siunitx_tmp_dim=\dimen173
\l__siunitx_tmp_int=\count284
\l__siunitx_number_mantissa_length_int=\count285
\l__siunitx_number_uncert_length_int=\count286
\l__siunitx_round_int=\count287
\l__siunitx_process_decimal_int=\count288
\l__siunitx_process_uncertainty_int=\count289
\l__siunitx_process_fixed_int=\count290
\l__siunitx_process_integer_min_int=\count291
\l__siunitx_process_precision_int=\count292
\l__siunitx_group_min_int=\count293
\l__siunitx_angle_marker_box=\box49
\l__siunitx_angle_unit_box=\box50
\l__siunitx_angle_marker_dim=\dimen174
\l__siunitx_angle_unit_dim=\dimen175
\l__siunitx_unit_int=\count294
\l__siunitx_unit_denominator_int=\count295
\l__siunitx_unit_numerator_int=\count296
\l__siunitx_unit_prefix_int=\count297
\l__siunitx_unit_prefix_base_int=\count298
\l__siunitx_unit_prefix_gram_int=\count299
\l__siunitx_number_product_int=\count300
\c__siunitx_one_fill_skip=\skip73
\l__siunitx_table_unit_align_skip=\skip74
\l__siunitx_table_exponent_dim=\dimen176
\l__siunitx_table_integer_dim=\dimen177
\l__siunitx_table_mantissa_dim=\dimen178
\l__siunitx_table_marker_dim=\dimen179
\l__siunitx_table_result_dim=\dimen180
\l__siunitx_table_uncert_dim=\dimen181
\l__siunitx_table_fill_pre_dim=\dimen182
\l__siunitx_table_fill_post_dim=\dimen183
\l__siunitx_table_fill_mid_dim=\dimen184
\l__siunitx_table_pre_box=\box51
\l__siunitx_table_post_box=\box52
\l__siunitx_table_mantissa_box=\box53
\l__siunitx_table_result_box=\box54
\l__siunitx_table_number_align_skip=\skip75
\l__siunitx_table_text_align_skip=\skip76
.................................................
. LaTeX info: "xparse/define-command"
. 
. Defining command \DeclareBinaryPrefix with sig. 'mmm' on line 7247.
.................................................
.................................................
. LaTeX info: "xparse/define-command"
. 
. Defining command \DeclareSIPostPower with sig. 'mm' on line 7250.
.................................................
.................................................
. LaTeX info: "xparse/define-command"
. 
. Defining command \DeclareSIPrefix with sig. 'mmm' on line 7253.
.................................................
.................................................
. LaTeX info: "xparse/define-command"
. 
. Defining command \DeclareSIPrePower with sig. 'mm' on line 7256.
.................................................
.................................................
. LaTeX info: "xparse/define-command"
. 
. Defining command \DeclareSIQualifier with sig. 'mm' on line 7259.
.................................................
.................................................
. LaTeX info: "xparse/define-command"
. 
. Defining command \DeclareSIUnit with sig. 'O{}mm' on line 7262.
.................................................
.................................................
. LaTeX info: "xparse/define-command"
. 
. Defining command \DeclareSIUnitWithOptions with sig. 'mmm' on line 7265.
.................................................
.................................................
. LaTeX info: "xparse/define-command"
. 
. Defining command \ang with sig. 'o>{\SplitArgument {2}{;}}m' on line 7280.
.................................................
.................................................
. LaTeX info: "xparse/define-command"
. 
. Defining command \num with sig. 'om' on line 7289.
.................................................
.................................................
. LaTeX info: "xparse/define-command"
. 
. Defining command \numlist with sig. 'o>{\SplitList {;}}m' on line 7298.
.................................................
.................................................
. LaTeX info: "xparse/define-command"
. 
. Defining command \numrange with sig. 'omm' on line 7307.
.................................................
.................................................
. LaTeX info: "xparse/define-command"
. 
. Defining command \SIlist with sig. 'o>{\SplitList {;}}mm' on line 7319.
.................................................
.................................................
. LaTeX info: "xparse/define-command"
. 
. Defining command \SIrange with sig. 'ommm' on line 7331.
.................................................
.................................................
. LaTeX info: "xparse/define-command"
. 
. Defining command \SI with sig. 'omom' on line 7343.
.................................................
.................................................
. LaTeX info: "xparse/define-command"
. 
. Defining command \sisetup with sig. 'm' on line 7346.
.................................................
.................................................
. LaTeX info: "xparse/define-command"
. 
. Defining command \tablenum with sig. 'om' on line 7361.
.................................................
.................................................
. LaTeX info: "xparse/define-command"
. 
. Defining command \si with sig. 'om' on line 7373.
.................................................
.................................................
. LaTeX info: "xparse/define-command"
. 
. Defining command \numInBookmark with sig. 'om' on line 7420.
.................................................
.................................................
. LaTeX info: "xparse/define-command"
. 
. Defining command \numrangeInBookmark with sig. 'omm' on line 7422.
.................................................
.................................................
. LaTeX info: "xparse/define-command"
. 
. Defining command \SIInBookmark with sig. 'omom' on line 7424.
.................................................
.................................................
. LaTeX info: "xparse/define-command"
. 
. Defining command \SIlistInBookmark with sig. 'omm' on line 7426.
.................................................
.................................................
. LaTeX info: "xparse/define-command"
. 
. Defining command \SIrangeInBookmark with sig. 'ommm' on line 7428.
.................................................
.................................................
. LaTeX info: "xparse/define-command"
. 
. Defining command \siInBookmark with sig. 'om' on line 7429.
.................................................

(c:/texlive/2017/texmf-dist/tex/latex/beamer/translator/translator.sty
Package: translator 2010/06/12 ver 1.10

(c:/texlive/2017/texmf-dist/tex/latex/beamer/translator/translator-language-map
pings.tex))) (c:/texlive/2017/texmf-dist/tex/latex/booktabs/booktabs.sty
Package: booktabs 2016/04/27 v1.618033 publication quality tables
\heavyrulewidth=\dimen185
\lightrulewidth=\dimen186
\cmidrulewidth=\dimen187
\belowrulesep=\dimen188
\belowbottomsep=\dimen189
\aboverulesep=\dimen190
\abovetopsep=\dimen191
\cmidrulesep=\dimen192
\cmidrulekern=\dimen193
\defaultaddspace=\dimen194
\@cmidla=\count301
\@cmidlb=\count302
\@aboverulesep=\dimen195
\@belowrulesep=\dimen196
\@thisruleclass=\count303
\@lastruleclass=\count304
\@thisrulewidth=\dimen197
)
(c:/texlive/2017/texmf-dist/tex/latex/oberdiek/grffile.sty
Package: grffile 2016/05/16 v1.17 Extended file name support for graphics (HO)
Package grffile Info: Option `multidot' is set to `true'.
Package grffile Info: Option `extendedchars' is set to `false'.
Package grffile Info: Option `space' is set to `true'.
Package grffile Info: \Gin@ii of package `graphicx' fixed on input line 486.
)
(c:/texlive/2017/texmf-dist/tex/latex/koma-script/scrhack.sty
Package: scrhack 2017/04/13 v3.23 KOMA-Script package 

(c:/texlive/2017/texmf-dist/tex/latex/xpatch/xpatch.sty
Package: xpatch 2012/10/02 v0.3 Extending etoolbox patching commands
.................................................
. LaTeX info: "xparse/define-command"
. 
. Defining command \xpatchcmd with sig. '' on line 125.
.................................................
.................................................
. LaTeX info: "xparse/define-command"
. 
. Defining command \xpretocmd with sig. '' on line 126.
.................................................
.................................................
. LaTeX info: "xparse/define-command"
. 
. Defining command \xapptocmd with sig. '' on line 127.
.................................................
.................................................
. LaTeX info: "xparse/define-command"
. 
. Defining command \xshowcmd with sig. '' on line 128.
.................................................
.................................................
. LaTeX info: "xparse/define-command"
. 
. Defining command \xpatchbibmacro with sig. 'm' on line 131.
.................................................
.................................................
. LaTeX info: "xparse/define-command"
. 
. Defining command \xpretobibmacro with sig. 'm' on line 133.
.................................................
.................................................
. LaTeX info: "xparse/define-command"
. 
. Defining command \xapptobibmacro with sig. 'm' on line 135.
.................................................
.................................................
. LaTeX info: "xparse/define-command"
. 
. Defining command \xshowbibmacro with sig. 'm' on line 137.
.................................................
.................................................
. LaTeX info: "xparse/define-command"
. 
. Defining command \xpatchfieldformat with sig. 'O{*}m' on line 139.
.................................................
.................................................
. LaTeX info: "xparse/define-command"
. 
. Defining command \xpretofieldformat with sig. 'O{*}m' on line 141.
.................................................
.................................................
. LaTeX info: "xparse/define-command"
. 
. Defining command \xapptofieldformat with sig. 'O{*}m' on line 143.
.................................................
.................................................
. LaTeX info: "xparse/define-command"
. 
. Defining command \xshowfieldformat with sig. 'O{*}m' on line 145.
.................................................
.................................................
. LaTeX info: "xparse/define-command"
. 
. Defining command \xpatchnameformat with sig. 'O{*}m' on line 147.
.................................................
.................................................
. LaTeX info: "xparse/define-command"
. 
. Defining command \xpretonameformat with sig. 'O{*}m' on line 149.
.................................................
.................................................
. LaTeX info: "xparse/define-command"
. 
. Defining command \xapptonameformat with sig. 'O{*}m' on line 151.
.................................................
.................................................
. LaTeX info: "xparse/define-command"
. 
. Defining command \xshownameformat with sig. 'O{*}m' on line 153.
.................................................
.................................................
. LaTeX info: "xparse/define-command"
. 
. Defining command \xpatchlistformat with sig. 'O{*}m' on line 155.
.................................................
.................................................
. LaTeX info: "xparse/define-command"
. 
. Defining command \xpretolistformat with sig. 'O{*}m' on line 157.
.................................................
.................................................
. LaTeX info: "xparse/define-command"
. 
. Defining command \xapptolistformat with sig. 'O{*}m' on line 159.
.................................................
.................................................
. LaTeX info: "xparse/define-command"
. 
. Defining command \xshowlistformat with sig. 'O{*}m' on line 161.
.................................................
.................................................
. LaTeX info: "xparse/define-command"
. 
. Defining command \xpatchindexfieldformat with sig. 'O{*}m' on line 163.
.................................................
.................................................
. LaTeX info: "xparse/define-command"
. 
. Defining command \xpretoindexfieldformat with sig. 'O{*}m' on line 165.
.................................................
.................................................
. LaTeX info: "xparse/define-command"
. 
. Defining command \xapptoindexfieldformat with sig. 'O{*}m' on line 167.
.................................................
.................................................
. LaTeX info: "xparse/define-command"
. 
. Defining command \xshowindexfieldformat with sig. 'O{*}m' on line 169.
.................................................
.................................................
. LaTeX info: "xparse/define-command"
. 
. Defining command \xpatchindexnameformat with sig. 'O{*}m' on line 171.
.................................................
.................................................
. LaTeX info: "xparse/define-command"
. 
. Defining command \xpretoindexnameformat with sig. 'O{*}m' on line 173.
.................................................
.................................................
. LaTeX info: "xparse/define-command"
. 
. Defining command \xapptoindexnameformat with sig. 'O{*}m' on line 175.
.................................................
.................................................
. LaTeX info: "xparse/define-command"
. 
. Defining command \xshowindexnameformat with sig. 'O{*}m' on line 177.
.................................................
.................................................
. LaTeX info: "xparse/define-command"
. 
. Defining command \xpatchindexlistformat with sig. 'O{*}m' on line 179.
.................................................
.................................................
. LaTeX info: "xparse/define-command"
. 
. Defining command \xpretoindexlistformat with sig. 'O{*}m' on line 181.
.................................................
.................................................
. LaTeX info: "xparse/define-command"
. 
. Defining command \xappindextolistformat with sig. 'O{*}m' on line 183.
.................................................
.................................................
. LaTeX info: "xparse/define-command"
. 
. Defining command \xshowindexlistformat with sig. 'O{*}m' on line 185.
.................................................
.................................................
. LaTeX info: "xparse/define-command"
. 
. Defining command \xpatchbibdriver with sig. 'm' on line 187.
.................................................
.................................................
. LaTeX info: "xparse/define-command"
. 
. Defining command \xpretobibdriver with sig. 'm' on line 189.
.................................................
.................................................
. LaTeX info: "xparse/define-command"
. 
. Defining command \xapptobibdriver with sig. 'm' on line 191.
.................................................
.................................................
. LaTeX info: "xparse/define-command"
. 
. Defining command \xshowbibdriver with sig. 'm' on line 193.
.................................................
))
(c:/texlive/2017/texmf-dist/tex/latex/float/float.sty
Package: float 2001/11/08 v1.3d Float enhancements (AL)
\c@float@type=\count305
\float@exts=\toks26
\float@box=\box55
\@float@everytoks=\toks27
\@floatcapt=\box56
)
Package scrhack Info: loading float hack on input line 96.

(c:/texlive/2017/texmf-dist/tex/latex/koma-script/float.hak
File: float.hak 2017/04/13 v3.23 KOMA-Script package (hacking package float)
Package scrhack Info: redefining \newfloat on input line 161.
Package scrhack Info: redefining \listof on input line 161.
Package scrhack Info: undefining \float@addtolists on input line 161.
)
(c:/texlive/2017/texmf-dist/tex/latex/placeins/placeins.sty
Package: placeins 2005/04/18  v 2.2
)
(c:/texlive/2017/texmf-dist/tex/latex/enumitem/enumitem.sty
Package: enumitem 2011/09/28 v3.5.2 Customized lists
\labelindent=\skip77
\enit@outerparindent=\dimen198
\enit@toks=\toks28
\enit@inbox=\box57
\enitdp@description=\count306
)
(c:/texlive/2017/texmf-dist/tex/latex/biblatex/biblatex.sty
Package: biblatex 2016/12/05 v3.7 programmable bibliographies (PK/JW/AB)

(c:/texlive/2017/texmf-dist/tex/latex/logreq/logreq.sty
Package: logreq 2010/08/04 v1.0 xml request logger
\lrq@indent=\count307

(c:/texlive/2017/texmf-dist/tex/latex/logreq/logreq.def
File: logreq.def 2010/08/04 v1.0 logreq spec v1.0
))
(c:/texlive/2017/texmf-dist/tex/latex/base/ifthen.sty
Package: ifthen 2014/09/29 v1.1c Standard LaTeX ifthen package (DPC)
)
(c:/texlive/2017/texmf-dist/tex/latex/url/url.sty
\Urlmuskip=\muskip21
Package: url 2013/09/16  ver 3.4  Verb mode for urls, etc.
)
(c:/texlive/2017/texmf-dist/tex/generic/xstring/xstring.sty
(c:/texlive/2017/texmf-dist/tex/generic/xstring/xstring.tex
\@xs@message=\write3
\integerpart=\count308
\decimalpart=\count309
)
Package: xstring 2013/10/13  v1.7c  String manipulations (C Tellechea)
)
\c@tabx@nest=\count310
\c@listtotal=\count311
\c@listcount=\count312
\c@liststart=\count313
\c@liststop=\count314
\c@citecount=\count315
\c@citetotal=\count316
\c@multicitecount=\count317
\c@multicitetotal=\count318
\c@instcount=\count319
\c@maxnames=\count320
\c@minnames=\count321
\c@maxitems=\count322
\c@minitems=\count323
\c@citecounter=\count324
\c@savedcitecounter=\count325
\c@uniquelist=\count326
\c@uniquename=\count327
\c@refsection=\count328
\c@refsegment=\count329
\c@maxextratitle=\count330
\c@maxextratitleyear=\count331
\c@maxextrayear=\count332
\c@maxextraalpha=\count333
\c@abbrvpenalty=\count334
\c@highnamepenalty=\count335
\c@lownamepenalty=\count336
\c@maxparens=\count337
\c@parenlevel=\count338
\blx@tempcnta=\count339
\blx@tempcntb=\count340
\blx@tempcntc=\count341
\blx@maxsection=\count342
\blx@maxsegment@0=\count343
\blx@notetype=\count344
\blx@parenlevel@text=\count345
\blx@parenlevel@foot=\count346
\blx@sectionciteorder@0=\count347
\labelnumberwidth=\skip78
\labelalphawidth=\skip79
\biblabelsep=\skip80
\bibitemsep=\skip81
\bibnamesep=\skip82
\bibinitsep=\skip83
\bibparsep=\skip84
\bibhang=\skip85
\blx@bcfin=\read2
\blx@bcfout=\write4
\c@mincomprange=\count348
\c@maxcomprange=\count349
\c@mincompwidth=\count350
Package biblatex Info: Trying to load biblatex default data model...
Package biblatex Info: ... file 'blx-dm.def' found.

(c:/texlive/2017/texmf-dist/tex/latex/biblatex/blx-dm.def)
Package biblatex Info: Trying to load biblatex custom data model...
Package biblatex Info: ... file 'biblatex-dm.cfg' not found.
\c@afterword=\count351
\c@savedafterword=\count352
\c@annotator=\count353
\c@savedannotator=\count354
\c@author=\count355
\c@savedauthor=\count356
\c@bookauthor=\count357
\c@savedbookauthor=\count358
\c@commentator=\count359
\c@savedcommentator=\count360
\c@editor=\count361
\c@savededitor=\count362
\c@editora=\count363
\c@savededitora=\count364
\c@editorb=\count365
\c@savededitorb=\count366
\c@editorc=\count367
\c@savededitorc=\count368
\c@foreword=\count369
\c@savedforeword=\count370
\c@holder=\count371
\c@savedholder=\count372
\c@introduction=\count373
\c@savedintroduction=\count374
\c@namea=\count375
\c@savednamea=\count376
\c@nameb=\count377
\c@savednameb=\count378
\c@namec=\count379
\c@savednamec=\count380
\c@translator=\count381
\c@savedtranslator=\count382
\c@shortauthor=\count383
\c@savedshortauthor=\count384
\c@shorteditor=\count385
\c@savedshorteditor=\count386
\c@labelname=\count387
\c@savedlabelname=\count388
\c@institution=\count389
\c@savedinstitution=\count390
\c@lista=\count391
\c@savedlista=\count392
\c@listb=\count393
\c@savedlistb=\count394
\c@listc=\count395
\c@savedlistc=\count396
\c@listd=\count397
\c@savedlistd=\count398
\c@liste=\count399
\c@savedliste=\count400
\c@listf=\count401
\c@savedlistf=\count402
\c@location=\count403
\c@savedlocation=\count404
\c@organization=\count405
\c@savedorganization=\count406
\c@origlocation=\count407
\c@savedoriglocation=\count408
\c@origpublisher=\count409
\c@savedorigpublisher=\count410
\c@publisher=\count411
\c@savedpublisher=\count412
\c@language=\count413
\c@savedlanguage=\count414
\c@pageref=\count415
\c@savedpageref=\count416
\shorthandwidth=\skip86
\shortjournalwidth=\skip87
\shortserieswidth=\skip88
\shorttitlewidth=\skip89
\shortauthorwidth=\skip90
\shorteditorwidth=\skip91
Package biblatex Info: Trying to load compatibility code...
Package biblatex Info: ... file 'blx-compat.def' found.

(c:/texlive/2017/texmf-dist/tex/latex/biblatex/blx-compat.def
File: blx-compat.def 2016/12/05 v3.7 biblatex compatibility (PK/JW/AB)
)
Package biblatex Info: Trying to load generic definitions...
Package biblatex Info: ... file 'biblatex.def' found.

(c:/texlive/2017/texmf-dist/tex/latex/biblatex/biblatex.def
File: biblatex.def 2016/12/05 v3.7 biblatex compatibility (PK/JW/AB)
\c@textcitecount=\count417
\c@textcitetotal=\count418
\c@textcitemaxnames=\count419
\c@biburlnumpenalty=\count420
\c@biburlucpenalty=\count421
\c@biburllcpenalty=\count422
\c@smartand=\count423
)
Package biblatex Info: Trying to load bibliography style 'numeric'...
Package biblatex Info: ... file 'numeric.bbx' found.

(c:/texlive/2017/texmf-dist/tex/latex/biblatex/bbx/numeric.bbx
File: numeric.bbx 2016/12/05 v3.7 biblatex bibliography style (PK/JW/AB)
Package biblatex Info: Trying to load bibliography style 'standard'...
Package biblatex Info: ... file 'standard.bbx' found.

(c:/texlive/2017/texmf-dist/tex/latex/biblatex/bbx/standard.bbx
File: standard.bbx 2016/12/05 v3.7 biblatex bibliography style (PK/JW/AB)
\c@bbx:relatedcount=\count424
\c@bbx:relatedtotal=\count425
))
Package biblatex Info: Trying to load citation style 'numeric'...
Package biblatex Info: ... file 'numeric.cbx' found.

(c:/texlive/2017/texmf-dist/tex/latex/biblatex/cbx/numeric.cbx
File: numeric.cbx 2016/12/05 v3.7 biblatex citation style (PK/JW/AB)
Package biblatex Info: Redefining '\cite'.
Package biblatex Info: Redefining '\parencite'.
Package biblatex Info: Redefining '\footcite'.
Package biblatex Info: Redefining '\footcitetext'.
Package biblatex Info: Redefining '\smartcite'.
Package biblatex Info: Redefining '\supercite'.
Package biblatex Info: Redefining '\textcite'.
Package biblatex Info: Redefining '\textcites'.
Package biblatex Info: Redefining '\cites'.
Package biblatex Info: Redefining '\parencites'.
Package biblatex Info: Redefining '\smartcites'.
)
Package biblatex Info: Trying to load configuration file...
Package biblatex Info: ... file 'biblatex.cfg' found.

(c:/texlive/2017/texmf-dist/tex/latex/biblatex/biblatex.cfg
File: biblatex.cfg 
))
Package scrhack Info: hyperref hack deactivated because of
(scrhack)             detection of KOMA-Script class, that doesn't
(scrhack)             need that hack, on input line 125.

(c:/texlive/2017/texmf-dist/tex/latex/hyperref/hyperref.sty
Package: hyperref 2017/03/14 v6.85a Hypertext links for LaTeX

(c:/texlive/2017/texmf-dist/tex/generic/oberdiek/hobsub-hyperref.sty
Package: hobsub-hyperref 2016/05/16 v1.14 Bundle oberdiek, subset hyperref (HO)

(c:/texlive/2017/texmf-dist/tex/generic/oberdiek/hobsub-generic.sty
Package: hobsub-generic 2016/05/16 v1.14 Bundle oberdiek, subset generic (HO)
Package: hobsub 2016/05/16 v1.14 Construct package bundles (HO)
Package hobsub Info: Skipping package `infwarerr' (already loaded).
Package hobsub Info: Skipping package `ltxcmds' (already loaded).
Package hobsub Info: Skipping package `ifluatex' (already loaded).
Package: ifvtex 2016/05/16 v1.6 Detect VTeX and its facilities (HO)
Package ifvtex Info: VTeX not detected.
Package: intcalc 2016/05/16 v1.2 Expandable calculations with integers (HO)
Package hobsub Info: Skipping package `ifpdf' (already loaded).
Package hobsub Info: Skipping package `etexcmds' (already loaded).
Package hobsub Info: Skipping package `kvsetkeys' (already loaded).
Package: kvdefinekeys 2016/05/16 v1.4 Define keys (HO)
Package: luatex-loader 2016/05/16 v0.6 Lua module loader (HO)

(c:/texlive/2017/texmf-dist/scripts/oberdiek/oberdiek.luatex.lua)
Package hobsub Info: Skipping package `pdftexcmds' (already loaded).
Package: pdfescape 2016/05/16 v1.14 Implements pdfTeX's escape features (HO)
Package hobsub Info: Skipping package `bigintcalc' (already loaded).
Package: bitset 2016/05/16 v1.2 Handle bit-vector datatype (HO)
Package hobsub Info: Skipping package `uniquecounter' (already loaded).
)
Package hobsub Info: Skipping package `hobsub' (already loaded).
Package: letltxmacro 2016/05/16 v1.5 Let assignment for LaTeX macros (HO)
Package: hopatch 2016/05/16 v1.3 Wrapper for package hooks (HO)
Package: xcolor-patch 2016/05/16 xcolor patch
Package hobsub Info: Skipping package `atveryend' (already loaded).
Package: atbegshi 2016/06/09 v1.18 At begin shipout hook (HO)
Package: refcount 2016/05/16 v3.5 Data extraction from label references (HO)
Package: hycolor 2016/05/16 v1.8 Color options for hyperref/bookmark (HO)
)
(c:/texlive/2017/texmf-dist/tex/latex/oberdiek/auxhook.sty
Package: auxhook 2016/05/16 v1.4 Hooks for auxiliary files (HO)
)
\@linkdim=\dimen199
\Hy@linkcounter=\count426
\Hy@pagecounter=\count427

(c:/texlive/2017/texmf-dist/tex/latex/hyperref/pd1enc.def
File: pd1enc.def 2017/03/14 v6.85a Hyperref: PDFDocEncoding definition (HO)
)
\Hy@SavedSpaceFactor=\count428

(c:/texlive/2017/texmf-dist/tex/latex/latexconfig/hyperref.cfg
File: hyperref.cfg 2002/06/06 v1.2 hyperref configuration of TeXLive
)
Package hyperref Info: Option `pdfusetitle' set `true' on input line 4374.
Package hyperref Info: Option `unicode' set `true' on input line 4374.

(c:/texlive/2017/texmf-dist/tex/latex/hyperref/puenc.def
File: puenc.def 2017/03/14 v6.85a Hyperref: PDF Unicode definition (HO)
)
Package hyperref Info: Hyper figures OFF on input line 4498.
Package hyperref Info: Link nesting OFF on input line 4503.
Package hyperref Info: Hyper index ON on input line 4506.
Package hyperref Info: Plain pages OFF on input line 4513.
Package hyperref Info: Backreferencing OFF on input line 4518.
Package hyperref Info: Implicit mode ON; LaTeX internals redefined.
Package hyperref Info: Bookmarks ON on input line 4751.
\c@Hy@tempcnt=\count429
LaTeX Info: Redefining \url on input line 5104.
\XeTeXLinkMargin=\dimen256
\Fld@menulength=\count430
\Field@Width=\dimen257
\Fld@charsize=\dimen258
Package hyperref Info: Hyper figures OFF on input line 6358.
Package hyperref Info: Link nesting OFF on input line 6363.
Package hyperref Info: Hyper index ON on input line 6366.
Package hyperref Info: backreferencing OFF on input line 6373.
Package hyperref Info: Link coloring OFF on input line 6378.
Package hyperref Info: Link coloring with OCG OFF on input line 6383.
Package hyperref Info: PDF/A mode OFF on input line 6388.
LaTeX Info: Redefining \ref on input line 6428.
LaTeX Info: Redefining \pageref on input line 6432.
\Hy@abspage=\count431
\c@Item=\count432
\c@Hfootnote=\count433
)

Package hyperref Message: Driver (autodetected): hluatex.

(c:/texlive/2017/texmf-dist/tex/latex/hyperref/hluatex.def
File: hluatex.def 2017/03/14 v6.85a Hyperref driver for luaTeX
\Fld@listcount=\count434
\c@bookmark@seq@number=\count435
\Hy@SectionHShift=\skip92
)
(c:/texlive/2017/texmf-dist/tex/latex/oberdiek/bookmark.sty
Package: bookmark 2016/05/17 v1.26 PDF bookmarks (HO)

(c:/texlive/2017/texmf-dist/tex/latex/oberdiek/bkm-pdftex.def
File: bkm-pdftex.def 2016/05/17 v1.26 bookmark driver for pdfTeX (HO)
\BKM@id=\count436
))
(c:/texlive/2017/texmf-dist/tex/latex/ncctools/extdash.sty
Package: extdash 2005/01/29 v1.2 Extended Dash Package (NCC)
)
Package csquotes Info: Checking for multilingual support...
Package csquotes Info: ... found 'polyglossia' package.
Package biblatex Info: Trying to load language 'english'...
Package biblatex Info: ... file 'english.lbx' found.

(c:/texlive/2017/texmf-dist/tex/latex/biblatex/lbx/english.lbx
File: english.lbx 2016/12/05 v3.7 biblatex localization (PK/JW/AB)
)
Package biblatex Info: Trying to load language 'german'...
Package biblatex Info: ... file 'german.lbx' found.

(c:/texlive/2017/texmf-dist/tex/latex/biblatex/lbx/german.lbx
File: german.lbx 2016/12/05 v3.7 biblatex localization (PK/JW/AB)
) (./thesis.aux
Language ngerman already loaded; id is 8
Language ngerman already loaded; id is 8)
\openout1 = thesis.aux

LaTeX Font Info:    Checking defaults for OML/cmm/m/it on input line 146.
LaTeX Font Info:    ... okay on input line 146.
LaTeX Font Info:    Checking defaults for T1/cmr/m/n on input line 146.
LaTeX Font Info:    ... okay on input line 146.
LaTeX Font Info:    Checking defaults for OT1/cmr/m/n on input line 146.
LaTeX Font Info:    ... okay on input line 146.
LaTeX Font Info:    Checking defaults for OMS/cmsy/m/n on input line 146.
LaTeX Font Info:    ... okay on input line 146.
LaTeX Font Info:    Checking defaults for TU/lmr/m/n on input line 146.
LaTeX Font Info:    ... okay on input line 146.
LaTeX Font Info:    Checking defaults for OMX/cmex/m/n on input line 146.
LaTeX Font Info:    ... okay on input line 146.
LaTeX Font Info:    Checking defaults for U/cmr/m/n on input line 146.
LaTeX Font Info:    ... okay on input line 146.
LaTeX Font Info:    Checking defaults for TS1/cmr/m/n on input line 146.
LaTeX Font Info:    ... okay on input line 146.
LaTeX Font Info:    Checking defaults for PD1/pdf/m/n on input line 146.
LaTeX Font Info:    ... okay on input line 146.
LaTeX Font Info:    Checking defaults for PU/pdf/m/n on input line 146.
LaTeX Font Info:    ... okay on input line 146.

(c:/texlive/2017/texmf-dist/tex/context/base/mkii/supp-pdf.mkii
[Loading MPS to PDF converter (version 2006.09.02).]
\scratchcounter=\count437
\scratchdimen=\dimen259
\scratchbox=\box58
\nofMPsegments=\count438
\nofMParguments=\count439
\everyMPshowfont=\toks29
\MPscratchCnt=\count440
\MPscratchDim=\dimen260
\MPnumerator=\count441
\makeMPintoPDFobject=\count442
\everyMPtoPDFconversion=\toks30
) (c:/texlive/2017/texmf-dist/tex/latex/oberdiek/epstopdf-base.sty
Package: epstopdf-base 2016/05/15 v2.6 Base part for package epstopdf

(c:/texlive/2017/texmf-dist/tex/latex/oberdiek/grfext.sty
Package: grfext 2016/05/16 v1.2 Manage graphics extensions (HO)
)
Package epstopdf-base Info: Redefining graphics rule for `.eps' on input line 43
8.
Package grfext Info: Graphics extension search list:
(grfext)             [.pdf,.png,.jpg,.mps,.jpeg,.jbig2,.jb2,.PDF,.PNG,.JPG,.JPEG
,.JBIG2,.JB2 ,.eps]
(grfext)             \AppendGraphicsExtensions on input line 456.

(c:/texlive/2017/texmf-dist/tex/latex/latexconfig/epstopdf-sys.cfg
File: epstopdf-sys.cfg 2010/07/13 v1.3 Configuration of (r)epstopdf for TeX Live

))
Package caption Info: Begin \AtBeginDocument code.
Package caption Info: float package is loaded.
Package caption Info: hyperref package is loaded.
Package caption Info: End \AtBeginDocument code.

Language ngerman already loaded; id is 8
LaTeX Info: Redefining \microtypecontext on input line 146.
Package microtype Info: Generating PDF output.
Package microtype Info: Character protrusion enabled (level 2).
Package microtype Info: Using default protrusion set `alltext'.
Package microtype Info: Automatic font expansion enabled (level 2),
(microtype)             stretch: 20, shrink: 20, step: 1, non-selected.
Package microtype Info: Using default expansion set `basictext'.
Package microtype Info: No adjustment of tracking.
Package microtype Info: No adjustment of spacing.
Package microtype Info: No adjustment of kerning.

(c:/texlive/2017/texmf-dist/tex/latex/microtype/mt-LatinModernRoman.cfg
File: mt-LatinModernRoman.cfg 2013/03/13 v1.0 microtype config. file: Latin Mode
rn Roman (RS)
)
*************************************************
* unicode-math warning: "mathtools-overbracket"
* 
* Using \overbracket and \underbracket from `mathtools' package.
* 
* Use \Uoverbracket and \Uunderbracket for original `unicode-math' definition.
*************************************************

(c:/texlive/2017/texmf-dist/tex/latex/beamer/translator/dicts/translator-basic-
dictionary/translator-basic-dictionary-English.dict
Dictionary: translator-basic-dictionary, Language: English 
)
(c:/texlive/2017/texmf-dist/tex/latex/siunitx/siunitx-abbreviations.cfg
File: siunitx-abbreviations.cfg 2017/08/02 v2.7j siunitx: Abbreviated units
)
Package biblatex Info: LuaTeX detected.
(biblatex)             Assuming input encoding 'utf8'.
Package biblatex Info: Automatic encoding selection.
(biblatex)             Assuming data encoding 'utf8'.

\openout4 = thesis.bcf
Package biblatex Info: Trying to load bibliographic data...
Package biblatex Info: ... file 'thesis.bbl' not found.

No file thesis.bbl.
Package biblatex Info: Reference section=0 on input line 146.
Package biblatex Info: Reference segment=0 on input line 146.
\AtBeginShipoutBox=\box59
Package hyperref Info: Link coloring OFF on input line 146.
(c:/texlive/2017/texmf-dist/tex/latex/hyperref/nameref.sty
Package: nameref 2016/05/21 v2.44 Cross-referencing by name of section

(c:/texlive/2017/texmf-dist/tex/generic/oberdiek/gettitlestring.sty
Package: gettitlestring 2016/05/16 v1.5 Cleanup title references (HO)
)
\c@section@level=\count443
)
LaTeX Info: Redefining \ref on input line 146.
LaTeX Info: Redefining \pageref on input line 146.
LaTeX Info: Redefining \nameref on input line 146.
\c__siunitx_mathsf_int=\count444
Package microtype Info: Loading generic protrusion settings for font family
(microtype)             `LatinModernMath' (encoding: TU).
(microtype)             For optimal results, create family-specific settings.
(microtype)             See the microtype manual for details.
LaTeX Font Info:    Font shape `TU/LatinModernMath(1)/m/n' will be
(Font)              scaled to size 10.95015pt on input line 146.
LaTeX Font Info:    Font shape `TU/LatinModernMath(1)/m/n' will be
(Font)              scaled to size 8.00012pt on input line 146.
LaTeX Font Info:    Font shape `TU/LatinModernMath(1)/m/n' will be
(Font)              scaled to size 6.00009pt on input line 146.
LaTeX Font Info:    Font shape `TU/LatinModernMath(2)/m/n' will be
(Font)              scaled to size 10.94983pt on input line 146.
LaTeX Font Info:    Font shape `TU/LatinModernMath(2)/m/n' will be
(Font)              scaled to size 7.99988pt on input line 146.
LaTeX Font Info:    Font shape `TU/LatinModernMath(2)/m/n' will be
(Font)              scaled to size 5.99991pt on input line 146.
LaTeX Font Info:    Try loading font information for U+msa on input line 146.

(c:/texlive/2017/texmf-dist/tex/latex/amsfonts/umsa.fd
File: umsa.fd 2013/01/14 v3.01 AMS symbols A
)
(c:/texlive/2017/texmf-dist/tex/latex/microtype/mt-msa.cfg
File: mt-msa.cfg 2006/02/04 v1.1 microtype config. file: AMS symbols (a) (RS)
)
LaTeX Font Info:    Try loading font information for U+msb on input line 146.

(c:/texlive/2017/texmf-dist/tex/latex/amsfonts/umsb.fd
File: umsb.fd 2013/01/14 v3.01 AMS symbols B
)
(c:/texlive/2017/texmf-dist/tex/latex/microtype/mt-msb.cfg
File: mt-msb.cfg 2005/06/01 v1.0 microtype config. file: AMS symbols (b) (RS)
)
Package microtype Info: Loading generic protrusion settings for font family
(microtype)             `cmss' (encoding: OT1).
(microtype)             For optimal results, create family-specific settings.
(microtype)             See the microtype manual for details.
\c__siunitx_mathtt_int=\count445
Package microtype Info: Loading generic protrusion settings for font family
(microtype)             `cmtt' (encoding: OT1).
(microtype)             For optimal results, create family-specific settings.
(microtype)             See the microtype manual for details.

(./content/hints.tex(load luc: C:/texlive/2017/texmf-var/luatex-cache/generic/fo
nts/otl/lmsans10-regular.luc)
Package microtype Info: Loading generic protrusion settings for font family
(microtype)             `lmss' (encoding: TU).
(microtype)             For optimal results, create family-specific settings.
(microtype)             See the microtype manual for details.
(load luc: C:/texlive/2017/texmf-var/luatex-cache/generic/fonts/otl/lmsans10-bol
d.luc)(load luc: C:/texlive/2017/texmf-var/luatex-cache/generic/fonts/otl/lmmono
10-regular.luc)
Package microtype Info: Loading generic protrusion settings for font family
(microtype)             `lmtt' (encoding: TU).
(microtype)             For optimal results, create family-specific settings.
(microtype)             See the microtype manual for details.
(load luc: C:/texlive/2017/texmf-var/luatex-cache/generic/fonts/otl/lmroman8-reg
ular.luc)) [2



{c:/texlive/2017/texmf-var/fonts/map/pdftex/updmap/pdftex.map}]
<logos/tu-logo.pdf, id=20, pagebox=cropbox, 339.2675pt x 55.20625pt>
File: logos/tu-logo.pdf Graphic file (type pdf)
<use logos/tu-logo.pdf>
Package luatex.def Info: logos/tu-logo.pdf  used on input line 150. on input lin
e 150.
Package luatex.def Info: Requested size: 262.29283pt x 42.67912pt on input line 
150.
(load luc: C:/texlive/2017/texmf-var/luatex-cache/generic/fonts/otl/lmroman12-bo
ld.luc)(load luc: C:/texlive/2017/texmf-var/luatex-cache/generic/fonts/otl/lmrom
an12-regular.luc)
LaTeX Font Info:    Font shape `TU/LatinModernMath(1)/m/n' will be
(Font)              scaled to size 14.4002pt on input line 150.
LaTeX Font Info:    Font shape `TU/LatinModernMath(1)/m/n' will be
(Font)              scaled to size 10.00015pt on input line 150.
LaTeX Font Info:    Font shape `TU/LatinModernMath(1)/m/n' will be
(Font)              scaled to size 7.0001pt on input line 150.
LaTeX Font Info:    Font shape `TU/LatinModernMath(2)/m/n' will be
(Font)              scaled to size 14.39977pt on input line 150.
LaTeX Font Info:    Font shape `TU/LatinModernMath(2)/m/n' will be
(Font)              scaled to size 9.99985pt on input line 150.
LaTeX Font Info:    Font shape `TU/LatinModernMath(2)/m/n' will be
(Font)              scaled to size 6.9999pt on input line 150.
 [1


<./logos/tu-logo.pdf>]
warning  (pdf backend): ignoring duplicate destination with the name 'page.ii'
[2

] (./content/00_abstract.tex
Language ngerman already loaded; id is 8)(load luc: C:/texlive/2017/texmf-var/lu
atex-cache/generic/fonts/otl/lmromanslant10-regular.luc) [3]
Package tocbasic Info: character protrusion at toc deactivated on input line 156
.
 (./thesis.toc
Language ngerman already loaded; id is 8
Language ngerman already loaded; id is 8)
\tf@toc=\write5

\openout5 = thesis.toc
 [4

] (./content/01_einleitung.tex
chapter 1.
) (./content/02_struktur.tex [1



]
chapter 2.
[2

](load luc: C:/texlive/2017/texmf-var/luatex-cache/generic/fonts/otl/lmroman5-re
gular.luc)(load luc: C:/texlive/2017/texmf-var/luatex-cache/generic/fonts/otl/lm
roman10-bolditalic.luc) [3]

LaTeX Warning: Citation 'beyer' on page 4 undefined on input line 78.

) (./content/03_grundlagen.tex [4]
chapter 3.

LaTeX Warning: Citation 'koma' on page 5 undefined on input line 5.


LaTeX Warning: Citation 'toolbox' on page 5 undefined on input line 7.


LaTeX Warning: Citation 'l2tabu' on page 5 undefined on input line 7.

[5

]

LaTeX Warning: Citation 'make' on page 6 undefined on input line 45.


LaTeX Warning: Citation 'gitbash' on page 6 undefined on input line 46.


LaTeX Warning: Citation 'texmaker' on page 6 undefined on input line 51.


Overfull \hbox (11.79156pt too wide) in paragraph at lines 51--53
\TU/lmr/m/n/10.95 Ein be-lieb-ter Edi-tor für al-le Be-triebs-sys-te-me ist Te
x-ma-ker, Down-load un-ter [[]].
 []

<Plots/texmaker.png, id=110, pagebox=cropbox, 539.01375pt x 213.79875pt>
File: Plots/texmaker.png Graphic file (type png)
<use Plots/texmaker.png>
Package luatex.def Info: Plots/texmaker.png  used on input line 64. on input lin
e 64.
Package luatex.def Info: Requested size: 341.43306pt x 135.4312pt on input line 
64.
[6] [7<./Plots/texmaker.png>]
chapter 4.
LaTeX Font Info:    Font shape `TU/LatinModernMath(1)/m/n' will be
(Font)              scaled to size 17.28026pt on input line 79.
LaTeX Font Info:    Font shape `TU/LatinModernMath(1)/m/n' will be
(Font)              scaled to size 12.00018pt on input line 79.
LaTeX Font Info:    Font shape `TU/LatinModernMath(2)/m/n' will be
(Font)              scaled to size 17.27972pt on input line 79.
LaTeX Font Info:    Font shape `TU/LatinModernMath(2)/m/n' will be
(Font)              scaled to size 11.99982pt on input line 79.

Underfull \hbox (badness 10000) in paragraph at lines 88--90

 []

[8

](load luc: C:/texlive/2017/texmf-var/luatex-cache/generic/fonts/otl/lmroman6-re
gular.luc)

LaTeX Warning: Citation 'siunitx' on page 9 undefined on input line 137.


LaTeX Warning: Citation 'biblatex' on page 9 undefined on input line 143.


LaTeX Warning: Citation 'biblatex' on page 9 undefined on input line 154.

[9]

LaTeX Warning: Citation 'handbook_adhesives' on page 10 undefined on input line 
156.


LaTeX Warning: Citation 'einstein' on page 10 undefined on input line 157.

) (./content/04_figs_tabs.tex(load luc: C:/texlive/2017/texmf-var/luatex-cache/g
eneric/fonts/otl/lmromanslant8-regular.luc) [10]
chapter 5.
<./Plots/Histogramm.pdf, id=150, pagebox=cropbox, 338.26375pt x 202.7575pt>
File: ./Plots/Histogramm.pdf Graphic file (type pdf)
<use ./Plots/Histogramm.pdf>
Package luatex.def Info: ./Plots/Histogramm.pdf  used on input line 14. on input
 line 14.
Package luatex.def Info: Requested size: 338.26291pt x 202.757pt on input line 1
4.

Underfull \vbox (badness 1199) has occurred while \output is active []

 [11

<./Plots/Histogramm.pdf>]) (./content/a_anhang.tex [12]
chapter A.
) [13

]

LaTeX Warning: Empty bibliography on input line 170.

[14



] (./content/eid_versicherung.tex
Underfull \hbox (badness 10000) in paragraph at lines 23--24

 []


Underfull \hbox (badness 10000) in paragraph at lines 25--26

 []

)
Package atveryend Info: Empty hook `BeforeClearDocument' on input line 174.
 [15]
Package atveryend Info: Empty hook `AfterLastShipout' on input line 174.
 (./thesis.aux
Language ngerman already loaded; id is 8
Language ngerman already loaded; id is 8)
Package atveryend Info: Executing hook `AtVeryEndDocument' on input line 174.
Package atveryend Info: Executing hook `AtEndAfterFileList' on input line 174.
Package rerunfilecheck Info: File `thesis.aux' has not changed.
(rerunfilecheck)             Checksum: AC90ADA0D63139A7012DA6EDE9138749;11554.
Package rerunfilecheck Info: File `thesis.toc' has not changed.
(rerunfilecheck)             Checksum: 46543A049270493E414B8C2D76AD0D6D;1584.


LaTeX Warning: There were undefined references.


Package biblatex Warning: Please (re)run Biber on the file:
(biblatex)                thesis
(biblatex)                and rerun LaTeX afterwards.

Package logreq Info: Writing requests to 'thesis.run.xml'.

\openout1 = thesis.run.xml
Package atveryend Info: Empty hook `AtVeryVeryEnd' on input line 174.
)

Here is how much of LuaTeX's memory you used:
 42231 strings out of 494472
 100000,1648299 words of node,token memory allocated
 601 words of node memory still in use:
   7 hlist, 2 vlist, 2 rule, 2 glue, 1 kern, 7 attribute, 78 glue_spec, 7 attrib
ute_list, 1 write nodes
   avail lists: 1:3,2:751,3:158,4:97,5:257,6:2908,7:638,8:51,9:240,10:20,11:417
 45128 multiletter control sequences out of 65536+600000
 119 fonts using 24645867 bytes
 62i,22n,85p,8817b,2482s stack positions out of 5000i,500n,10000p,200000b,100000s
<c:/texlive/2017/texmf-dist/fonts/opentype/public/lm/lmromanslant8-regular.otf><
c:/texlive/2017/texmf-dist/fonts/opentype/public/lm/lmsans10-regular.otf><c:/tex
live/2017/texmf-dist/fonts/opentype/public/lm/lmroman10-bolditalic.otf><c:/texli
ve/2017/texmf-dist/fonts/opentype/public/lm/lmroman10-bold.otf><c:/texlive/2017/
texmf-dist/fonts/opentype/public/lm-math/latinmodern-math.otf><c:/texlive/2017/t
exmf-dist/fonts/opentype/public/lm-math/latinmodern-math.otf><c:/texlive/2017/te
xmf-dist/fonts/opentype/public/lm-math/latinmodern-math.otf><c:/texlive/2017/tex
mf-dist/fonts/opentype/public/lm/lmromanslant10-regular.otf><c:/texlive/2017/tex
mf-dist/fonts/opentype/public/lm/lmroman12-regular.otf><c:/texlive/2017/texmf-di
st/fonts/opentype/public/lm/lmroman12-bold.otf><c:/texlive/2017/texmf-dist/fonts
/opentype/public/lm/lmroman10-italic.otf><c:/texlive/2017/texmf-dist/fonts/opent
ype/public/lm/lmroman8-regular.otf><c:/texlive/2017/texmf-dist/fonts/opentype/pu
blic/lm/lmmono10-regular.otf><c:/texlive/2017/texmf-dist/fonts/opentype/public/l
m/lmroman10-regular.otf><c:/texlive/2017/texmf-dist/fonts/opentype/public/lm/lms
ans10-bold.otf>
Output written on thesis.pdf (20 pages, 240628 bytes).

PDF statistics: 401 PDF objects out of 1000 (max. 8388607)
 262 compressed objects within 3 object streams
 60 named destinations out of 1000 (max. 131072)
 121 words of extra memory for PDF output out of 10000 (max. 100000000)

